<?xml version="1.0" encoding="UTF-8"?>
<testsuite xmlns:xsi="http://www.w3.org/2001/XMLSchema-instance" xsi:noNamespaceSchemaLocation="https://maven.apache.org/surefire/maven-surefire-plugin/xsd/surefire-test-report-3.0.xsd" version="3.0" name="com.oxyl.epf.controller.PlanteControllerTest" time="0.559" tests="5" errors="0" skipped="0" failures="0">
  <properties>
    <property name="java.specification.version" value="23"/>
    <property name="sun.jnu.encoding" value="UTF-8"/>
    <property name="java.class.path" value="/Users/antonindudragne/Documents/4A EPF/Java/PVZ_Projet_Java-Main/target/test-classes:/Users/antonindudragne/Documents/4A EPF/Java/PVZ_Projet_Java-Main/target/classes:/Users/antonindudragne/.m2/repository/org/springframework/spring-webmvc/6.2.2/spring-webmvc-6.2.2.jar:/Users/antonindudragne/.m2/repository/org/springframework/spring-aop/6.2.2/spring-aop-6.2.2.jar:/Users/antonindudragne/.m2/repository/org/springframework/spring-beans/6.2.2/spring-beans-6.2.2.jar:/Users/antonindudragne/.m2/repository/org/springframework/spring-context/6.2.2/spring-context-6.2.2.jar:/Users/antonindudragne/.m2/repository/io/micrometer/micrometer-observation/1.14.3/micrometer-observation-1.14.3.jar:/Users/antonindudragne/.m2/repository/io/micrometer/micrometer-commons/1.14.3/micrometer-commons-1.14.3.jar:/Users/antonindudragne/.m2/repository/org/springframework/spring-core/6.2.2/spring-core-6.2.2.jar:/Users/antonindudragne/.m2/repository/org/springframework/spring-jcl/6.2.2/spring-jcl-6.2.2.jar:/Users/antonindudragne/.m2/repository/org/springframework/spring-expression/6.2.2/spring-expression-6.2.2.jar:/Users/antonindudragne/.m2/repository/org/springframework/spring-web/6.2.2/spring-web-6.2.2.jar:/Users/antonindudragne/.m2/repository/org/springframework/spring-jdbc/6.1.13/spring-jdbc-6.1.13.jar:/Users/antonindudragne/.m2/repository/org/springframework/spring-tx/6.1.13/spring-tx-6.1.13.jar:/Users/antonindudragne/.m2/repository/com/mysql/mysql-connector-j/8.0.33/mysql-connector-j-8.0.33.jar:/Users/antonindudragne/.m2/repository/com/google/protobuf/protobuf-java/3.21.9/protobuf-java-3.21.9.jar:/Users/antonindudragne/.m2/repository/com/fasterxml/jackson/core/jackson-databind/2.18.2/jackson-databind-2.18.2.jar:/Users/antonindudragne/.m2/repository/com/fasterxml/jackson/core/jackson-annotations/2.18.2/jackson-annotations-2.18.2.jar:/Users/antonindudragne/.m2/repository/com/fasterxml/jackson/core/jackson-core/2.18.2/jackson-core-2.18.2.jar:/Users/antonindudragne/.m2/repository/jakarta/servlet/jakarta.servlet-api/6.1.0/jakarta.servlet-api-6.1.0.jar:/Users/antonindudragne/.m2/repository/ch/qos/logback/logback-classic/1.5.16/logback-classic-1.5.16.jar:/Users/antonindudragne/.m2/repository/ch/qos/logback/logback-core/1.5.16/logback-core-1.5.16.jar:/Users/antonindudragne/.m2/repository/org/slf4j/slf4j-api/2.0.16/slf4j-api-2.0.16.jar:/Users/antonindudragne/.m2/repository/org/junit/jupiter/junit-jupiter/5.10.2/junit-jupiter-5.10.2.jar:/Users/antonindudragne/.m2/repository/org/junit/jupiter/junit-jupiter-api/5.10.2/junit-jupiter-api-5.10.2.jar:/Users/antonindudragne/.m2/repository/org/opentest4j/opentest4j/1.3.0/opentest4j-1.3.0.jar:/Users/antonindudragne/.m2/repository/org/junit/platform/junit-platform-commons/1.10.2/junit-platform-commons-1.10.2.jar:/Users/antonindudragne/.m2/repository/org/apiguardian/apiguardian-api/1.1.2/apiguardian-api-1.1.2.jar:/Users/antonindudragne/.m2/repository/org/junit/jupiter/junit-jupiter-params/5.10.2/junit-jupiter-params-5.10.2.jar:/Users/antonindudragne/.m2/repository/org/junit/jupiter/junit-jupiter-engine/5.10.2/junit-jupiter-engine-5.10.2.jar:/Users/antonindudragne/.m2/repository/org/junit/platform/junit-platform-engine/1.10.2/junit-platform-engine-1.10.2.jar:/Users/antonindudragne/.m2/repository/org/mockito/mockito-core/5.10.0/mockito-core-5.10.0.jar:/Users/antonindudragne/.m2/repository/net/bytebuddy/byte-buddy/1.14.11/byte-buddy-1.14.11.jar:/Users/antonindudragne/.m2/repository/net/bytebuddy/byte-buddy-agent/1.14.11/byte-buddy-agent-1.14.11.jar:/Users/antonindudragne/.m2/repository/org/objenesis/objenesis/3.3/objenesis-3.3.jar:/Users/antonindudragne/.m2/repository/org/springframework/spring-test/6.2.2/spring-test-6.2.2.jar:/Users/antonindudragne/.m2/repository/com/h2database/h2/2.2.224/h2-2.2.224.jar:/Users/antonindudragne/.m2/repository/junit/junit/4.13.2/junit-4.13.2.jar:/Users/antonindudragne/.m2/repository/org/hamcrest/hamcrest-core/1.3/hamcrest-core-1.3.jar:/Users/antonindudragne/.m2/repository/com/jayway/jsonpath/json-path/2.7.0/json-path-2.7.0.jar:/Users/antonindudragne/.m2/repository/net/minidev/json-smart/2.4.7/json-smart-2.4.7.jar:/Users/antonindudragne/.m2/repository/net/minidev/accessors-smart/2.4.7/accessors-smart-2.4.7.jar:/Users/antonindudragne/.m2/repository/org/ow2/asm/asm/9.1/asm-9.1.jar:/Users/antonindudragne/.m2/repository/com/jayway/jsonpath/json-path-assert/2.7.0/json-path-assert-2.7.0.jar:/Users/antonindudragne/.m2/repository/org/hamcrest/hamcrest/2.2/hamcrest-2.2.jar:"/>
    <property name="java.vm.vendor" value="Homebrew"/>
    <property name="sun.arch.data.model" value="64"/>
    <property name="java.vendor.url" value="https://github.com/Homebrew/homebrew-core/issues"/>
    <property name="user.timezone" value="Europe/Paris"/>
    <property name="os.name" value="Mac OS X"/>
    <property name="java.vm.specification.version" value="23"/>
    <property name="sun.java.launcher" value="SUN_STANDARD"/>
    <property name="user.country" value="FR"/>
    <property name="sun.boot.library.path" value="/opt/homebrew/Cellar/openjdk/23.0.2/libexec/openjdk.jdk/Contents/Home/lib"/>
    <property name="sun.java.command" value="/Users/antonindudragne/Documents/4A EPF/Java/PVZ_Projet_Java-Main/target/surefire/surefirebooter-20250425134236413_3.jar /Users/antonindudragne/Documents/4A EPF/Java/PVZ_Projet_Java-Main/target/surefire 2025-04-25T13-42-36_343-jvmRun1 surefire-20250425134236413_1tmp surefire_0-20250425134236413_2tmp"/>
    <property name="http.nonProxyHosts" value="local|*.local|169.254/16|*.169.254/16"/>
    <property name="jdk.debug" value="release"/>
    <property name="surefire.test.class.path" value="/Users/antonindudragne/Documents/4A EPF/Java/PVZ_Projet_Java-Main/target/test-classes:/Users/antonindudragne/Documents/4A EPF/Java/PVZ_Projet_Java-Main/target/classes:/Users/antonindudragne/.m2/repository/org/springframework/spring-webmvc/6.2.2/spring-webmvc-6.2.2.jar:/Users/antonindudragne/.m2/repository/org/springframework/spring-aop/6.2.2/spring-aop-6.2.2.jar:/Users/antonindudragne/.m2/repository/org/springframework/spring-beans/6.2.2/spring-beans-6.2.2.jar:/Users/antonindudragne/.m2/repository/org/springframework/spring-context/6.2.2/spring-context-6.2.2.jar:/Users/antonindudragne/.m2/repository/io/micrometer/micrometer-observation/1.14.3/micrometer-observation-1.14.3.jar:/Users/antonindudragne/.m2/repository/io/micrometer/micrometer-commons/1.14.3/micrometer-commons-1.14.3.jar:/Users/antonindudragne/.m2/repository/org/springframework/spring-core/6.2.2/spring-core-6.2.2.jar:/Users/antonindudragne/.m2/repository/org/springframework/spring-jcl/6.2.2/spring-jcl-6.2.2.jar:/Users/antonindudragne/.m2/repository/org/springframework/spring-expression/6.2.2/spring-expression-6.2.2.jar:/Users/antonindudragne/.m2/repository/org/springframework/spring-web/6.2.2/spring-web-6.2.2.jar:/Users/antonindudragne/.m2/repository/org/springframework/spring-jdbc/6.1.13/spring-jdbc-6.1.13.jar:/Users/antonindudragne/.m2/repository/org/springframework/spring-tx/6.1.13/spring-tx-6.1.13.jar:/Users/antonindudragne/.m2/repository/com/mysql/mysql-connector-j/8.0.33/mysql-connector-j-8.0.33.jar:/Users/antonindudragne/.m2/repository/com/google/protobuf/protobuf-java/3.21.9/protobuf-java-3.21.9.jar:/Users/antonindudragne/.m2/repository/com/fasterxml/jackson/core/jackson-databind/2.18.2/jackson-databind-2.18.2.jar:/Users/antonindudragne/.m2/repository/com/fasterxml/jackson/core/jackson-annotations/2.18.2/jackson-annotations-2.18.2.jar:/Users/antonindudragne/.m2/repository/com/fasterxml/jackson/core/jackson-core/2.18.2/jackson-core-2.18.2.jar:/Users/antonindudragne/.m2/repository/jakarta/servlet/jakarta.servlet-api/6.1.0/jakarta.servlet-api-6.1.0.jar:/Users/antonindudragne/.m2/repository/ch/qos/logback/logback-classic/1.5.16/logback-classic-1.5.16.jar:/Users/antonindudragne/.m2/repository/ch/qos/logback/logback-core/1.5.16/logback-core-1.5.16.jar:/Users/antonindudragne/.m2/repository/org/slf4j/slf4j-api/2.0.16/slf4j-api-2.0.16.jar:/Users/antonindudragne/.m2/repository/org/junit/jupiter/junit-jupiter/5.10.2/junit-jupiter-5.10.2.jar:/Users/antonindudragne/.m2/repository/org/junit/jupiter/junit-jupiter-api/5.10.2/junit-jupiter-api-5.10.2.jar:/Users/antonindudragne/.m2/repository/org/opentest4j/opentest4j/1.3.0/opentest4j-1.3.0.jar:/Users/antonindudragne/.m2/repository/org/junit/platform/junit-platform-commons/1.10.2/junit-platform-commons-1.10.2.jar:/Users/antonindudragne/.m2/repository/org/apiguardian/apiguardian-api/1.1.2/apiguardian-api-1.1.2.jar:/Users/antonindudragne/.m2/repository/org/junit/jupiter/junit-jupiter-params/5.10.2/junit-jupiter-params-5.10.2.jar:/Users/antonindudragne/.m2/repository/org/junit/jupiter/junit-jupiter-engine/5.10.2/junit-jupiter-engine-5.10.2.jar:/Users/antonindudragne/.m2/repository/org/junit/platform/junit-platform-engine/1.10.2/junit-platform-engine-1.10.2.jar:/Users/antonindudragne/.m2/repository/org/mockito/mockito-core/5.10.0/mockito-core-5.10.0.jar:/Users/antonindudragne/.m2/repository/net/bytebuddy/byte-buddy/1.14.11/byte-buddy-1.14.11.jar:/Users/antonindudragne/.m2/repository/net/bytebuddy/byte-buddy-agent/1.14.11/byte-buddy-agent-1.14.11.jar:/Users/antonindudragne/.m2/repository/org/objenesis/objenesis/3.3/objenesis-3.3.jar:/Users/antonindudragne/.m2/repository/org/springframework/spring-test/6.2.2/spring-test-6.2.2.jar:/Users/antonindudragne/.m2/repository/com/h2database/h2/2.2.224/h2-2.2.224.jar:/Users/antonindudragne/.m2/repository/junit/junit/4.13.2/junit-4.13.2.jar:/Users/antonindudragne/.m2/repository/org/hamcrest/hamcrest-core/1.3/hamcrest-core-1.3.jar:/Users/antonindudragne/.m2/repository/com/jayway/jsonpath/json-path/2.7.0/json-path-2.7.0.jar:/Users/antonindudragne/.m2/repository/net/minidev/json-smart/2.4.7/json-smart-2.4.7.jar:/Users/antonindudragne/.m2/repository/net/minidev/accessors-smart/2.4.7/accessors-smart-2.4.7.jar:/Users/antonindudragne/.m2/repository/org/ow2/asm/asm/9.1/asm-9.1.jar:/Users/antonindudragne/.m2/repository/com/jayway/jsonpath/json-path-assert/2.7.0/json-path-assert-2.7.0.jar:/Users/antonindudragne/.m2/repository/org/hamcrest/hamcrest/2.2/hamcrest-2.2.jar:"/>
    <property name="sun.cpu.endian" value="little"/>
    <property name="user.home" value="/Users/antonindudragne"/>
    <property name="user.language" value="fr"/>
    <property name="java.specification.vendor" value="Oracle Corporation"/>
    <property name="java.version.date" value="2025-01-21"/>
    <property name="java.home" value="/opt/homebrew/Cellar/openjdk/23.0.2/libexec/openjdk.jdk/Contents/Home"/>
    <property name="file.separator" value="/"/>
    <property name="basedir" value="/Users/antonindudragne/Documents/4A EPF/Java/PVZ_Projet_Java-Main"/>
    <property name="java.vm.compressedOopsMode" value="Zero based"/>
    <property name="line.separator" value="&#10;"/>
    <property name="java.vm.specification.vendor" value="Oracle Corporation"/>
    <property name="java.specification.name" value="Java Platform API Specification"/>
    <property name="apple.awt.application.name" value="ForkedBooter"/>
    <property name="surefire.real.class.path" value="/Users/antonindudragne/Documents/4A EPF/Java/PVZ_Projet_Java-Main/target/surefire/surefirebooter-20250425134236413_3.jar"/>
    <property name="sun.management.compiler" value="HotSpot 64-Bit Tiered Compilers"/>
    <property name="ftp.nonProxyHosts" value="local|*.local|169.254/16|*.169.254/16"/>
    <property name="java.runtime.version" value="23.0.2"/>
    <property name="user.name" value="antonindudragne"/>
    <property name="stdout.encoding" value="UTF-8"/>
    <property name="path.separator" value=":"/>
    <property name="os.version" value="15.3.2"/>
    <property name="java.runtime.name" value="OpenJDK Runtime Environment"/>
    <property name="file.encoding" value="UTF-8"/>
    <property name="java.vm.name" value="OpenJDK 64-Bit Server VM"/>
    <property name="java.vendor.version" value="Homebrew"/>
    <property name="localRepository" value="/Users/antonindudragne/.m2/repository"/>
    <property name="java.vendor.url.bug" value="https://github.com/Homebrew/homebrew-core/issues"/>
    <property name="java.io.tmpdir" value="/var/folders/w_/myk1td2x5yl9xhd021yswqqw0000gn/T/"/>
    <property name="java.version" value="23.0.2"/>
    <property name="user.dir" value="/Users/antonindudragne/Documents/4A EPF/Java/PVZ_Projet_Java-Main"/>
    <property name="os.arch" value="aarch64"/>
    <property name="java.vm.specification.name" value="Java Virtual Machine Specification"/>
    <property name="native.encoding" value="UTF-8"/>
    <property name="java.library.path" value="/Users/antonindudragne/Library/Java/Extensions:/Library/Java/Extensions:/Network/Library/Java/Extensions:/System/Library/Java/Extensions:/usr/lib/java:."/>
    <property name="java.vm.info" value="mixed mode, sharing"/>
    <property name="stderr.encoding" value="UTF-8"/>
    <property name="java.vendor" value="Homebrew"/>
    <property name="java.vm.version" value="23.0.2"/>
    <property name="sun.io.unicode.encoding" value="UnicodeBig"/>
    <property name="socksNonProxyHosts" value="local|*.local|169.254/16|*.169.254/16"/>
    <property name="java.class.version" value="67.0"/>
  </properties>
  <testcase name="testCreatePlante" classname="com.oxyl.epf.controller.PlanteControllerTest" time="0.469">
    <system-out><![CDATA[13:42:38.350 [main] DEBUG _org.springframework.web.servlet.HandlerMapping.Mappings -- 
	c.o.e.c.PlanteController:
	{GET [/plantes]}: getAllPlantes()
	{GET [/plantes/{id}]}: getPlanteById(int)
	{POST [/plantes]}: createPlante(PlanteDto)
	{PUT [/plantes/{id}]}: updatePlante(int,PlanteDto)
	{DELETE [/plantes/{id}]}: deletePlante(int)
13:42:38.354 [main] DEBUG org.springframework.web.servlet.mvc.method.annotation.RequestMappingHandlerMapping -- 5 mappings in org.springframework.web.servlet.mvc.method.annotation.RequestMappingHandlerMapping
13:42:38.467 [main] DEBUG org.springframework.web.servlet.mvc.method.annotation.RequestMappingHandlerAdapter -- ControllerAdvice beans: 0 @ModelAttribute, 0 @InitBinder, 1 RequestBodyAdvice, 1 ResponseBodyAdvice
13:42:38.482 [main] DEBUG org.springframework.web.servlet.mvc.method.annotation.ExceptionHandlerExceptionResolver -- ControllerAdvice beans: 0 @ExceptionHandler, 1 ResponseBodyAdvice
13:42:38.493 [main] INFO org.springframework.mock.web.MockServletContext -- Initializing Spring TestDispatcherServlet ''
13:42:38.494 [main] INFO org.springframework.test.web.servlet.TestDispatcherServlet -- Initializing Servlet ''
13:42:38.495 [main] DEBUG org.springframework.test.web.servlet.TestDispatcherServlet -- Detected AcceptHeaderLocaleResolver
13:42:38.495 [main] DEBUG org.springframework.test.web.servlet.TestDispatcherServlet -- Detected FixedThemeResolver
13:42:38.495 [main] DEBUG org.springframework.test.web.servlet.TestDispatcherServlet -- Detected org.springframework.web.servlet.view.DefaultRequestToViewNameTranslator@2d258eff
13:42:38.495 [main] DEBUG org.springframework.test.web.servlet.TestDispatcherServlet -- Detected org.springframework.web.servlet.support.SessionFlashMapManager@64502326
13:42:38.495 [main] DEBUG org.springframework.test.web.servlet.TestDispatcherServlet -- enableLoggingRequestDetails='false': request parameters and headers will be masked to prevent unsafe logging of potentially sensitive data
13:42:38.496 [main] INFO org.springframework.test.web.servlet.TestDispatcherServlet -- Completed initialization in 1 ms
13:42:38.551 [main] DEBUG org.springframework.test.web.servlet.TestDispatcherServlet -- POST "/plantes", parameters={}
13:42:38.561 [main] DEBUG org.springframework.web.servlet.mvc.method.annotation.RequestMappingHandlerMapping -- Mapped to com.oxyl.epf.controller.PlanteController#createPlante(PlanteDto)
13:42:38.600 [main] DEBUG org.springframework.web.servlet.mvc.method.annotation.RequestResponseBodyMethodProcessor -- Read "application/json" to [com.oxyl.epf.dto.PlanteDto@61359e87]
13:42:38.611 [main] DEBUG org.springframework.web.servlet.mvc.method.annotation.HttpEntityMethodProcessor -- Using 'application/json', given [*/*] and supported [application/json, application/*+json]
13:42:38.611 [main] DEBUG org.springframework.web.servlet.mvc.method.annotation.HttpEntityMethodProcessor -- Nothing to write: null body
13:42:38.612 [main] DEBUG org.springframework.test.web.servlet.TestDispatcherServlet -- Completed 201 CREATED
]]></system-out>
  </testcase>
  <testcase name="testGetAllPlantes" classname="com.oxyl.epf.controller.PlanteControllerTest" time="0.039">
    <system-out><![CDATA[13:42:38.620 [main] DEBUG _org.springframework.web.servlet.HandlerMapping.Mappings -- 
	c.o.e.c.PlanteController:
	{GET [/plantes]}: getAllPlantes()
	{GET [/plantes/{id}]}: getPlanteById(int)
	{POST [/plantes]}: createPlante(PlanteDto)
	{PUT [/plantes/{id}]}: updatePlante(int,PlanteDto)
	{DELETE [/plantes/{id}]}: deletePlante(int)
13:42:38.621 [main] DEBUG org.springframework.web.servlet.mvc.method.annotation.RequestMappingHandlerMapping -- 5 mappings in org.springframework.web.servlet.mvc.method.annotation.RequestMappingHandlerMapping
13:42:38.621 [main] DEBUG org.springframework.web.servlet.mvc.method.annotation.RequestMappingHandlerAdapter -- ControllerAdvice beans: 0 @ModelAttribute, 0 @InitBinder, 1 RequestBodyAdvice, 1 ResponseBodyAdvice
13:42:38.622 [main] DEBUG org.springframework.web.servlet.mvc.method.annotation.ExceptionHandlerExceptionResolver -- ControllerAdvice beans: 0 @ExceptionHandler, 1 ResponseBodyAdvice
13:42:38.622 [main] INFO org.springframework.mock.web.MockServletContext -- Initializing Spring TestDispatcherServlet ''
13:42:38.622 [main] INFO org.springframework.test.web.servlet.TestDispatcherServlet -- Initializing Servlet ''
13:42:38.622 [main] DEBUG org.springframework.test.web.servlet.TestDispatcherServlet -- Detected AcceptHeaderLocaleResolver
13:42:38.622 [main] DEBUG org.springframework.test.web.servlet.TestDispatcherServlet -- Detected FixedThemeResolver
13:42:38.622 [main] DEBUG org.springframework.test.web.servlet.TestDispatcherServlet -- Detected org.springframework.web.servlet.view.DefaultRequestToViewNameTranslator@29d070c7
13:42:38.622 [main] DEBUG org.springframework.test.web.servlet.TestDispatcherServlet -- Detected org.springframework.web.servlet.support.SessionFlashMapManager@1eeb5818
13:42:38.622 [main] DEBUG org.springframework.test.web.servlet.TestDispatcherServlet -- enableLoggingRequestDetails='false': request parameters and headers will be masked to prevent unsafe logging of potentially sensitive data
13:42:38.622 [main] INFO org.springframework.test.web.servlet.TestDispatcherServlet -- Completed initialization in 0 ms
13:42:38.623 [main] DEBUG org.springframework.test.web.servlet.TestDispatcherServlet -- GET "/plantes", parameters={}
13:42:38.623 [main] DEBUG org.springframework.web.servlet.mvc.method.annotation.RequestMappingHandlerMapping -- Mapped to com.oxyl.epf.controller.PlanteController#getAllPlantes()
13:42:38.626 [main] DEBUG org.springframework.web.servlet.mvc.method.annotation.HttpEntityMethodProcessor -- Using 'application/json', given [*/*] and supported [application/json, application/*+json]
13:42:38.626 [main] DEBUG org.springframework.web.servlet.mvc.method.annotation.HttpEntityMethodProcessor -- Writing [[com.oxyl.epf.dto.PlanteDto@78b03788]]
13:42:38.630 [main] DEBUG org.springframework.test.web.servlet.TestDispatcherServlet -- Completed 200 OK
13:42:38.648 [main] DEBUG com.jayway.jsonpath.internal.path.CompiledPath -- Evaluating path: $[0]['nom']
13:42:38.650 [main] DEBUG com.jayway.jsonpath.internal.path.CompiledPath -- Evaluating path: $[0]['idPlante']
]]></system-out>
  </testcase>
  <testcase name="testGetPlanteById" classname="com.oxyl.epf.controller.PlanteControllerTest" time="0.019">
    <system-out><![CDATA[13:42:38.661 [main] DEBUG _org.springframework.web.servlet.HandlerMapping.Mappings -- 
	c.o.e.c.PlanteController:
	{GET [/plantes]}: getAllPlantes()
	{GET [/plantes/{id}]}: getPlanteById(int)
	{POST [/plantes]}: createPlante(PlanteDto)
	{PUT [/plantes/{id}]}: updatePlante(int,PlanteDto)
	{DELETE [/plantes/{id}]}: deletePlante(int)
13:42:38.661 [main] DEBUG org.springframework.web.servlet.mvc.method.annotation.RequestMappingHandlerMapping -- 5 mappings in org.springframework.web.servlet.mvc.method.annotation.RequestMappingHandlerMapping
13:42:38.665 [main] DEBUG org.springframework.web.servlet.mvc.method.annotation.RequestMappingHandlerAdapter -- ControllerAdvice beans: 0 @ModelAttribute, 0 @InitBinder, 1 RequestBodyAdvice, 1 ResponseBodyAdvice
13:42:38.665 [main] DEBUG org.springframework.web.servlet.mvc.method.annotation.ExceptionHandlerExceptionResolver -- ControllerAdvice beans: 0 @ExceptionHandler, 1 ResponseBodyAdvice
13:42:38.665 [main] INFO org.springframework.mock.web.MockServletContext -- Initializing Spring TestDispatcherServlet ''
13:42:38.665 [main] INFO org.springframework.test.web.servlet.TestDispatcherServlet -- Initializing Servlet ''
13:42:38.665 [main] DEBUG org.springframework.test.web.servlet.TestDispatcherServlet -- Detected AcceptHeaderLocaleResolver
13:42:38.665 [main] DEBUG org.springframework.test.web.servlet.TestDispatcherServlet -- Detected FixedThemeResolver
13:42:38.665 [main] DEBUG org.springframework.test.web.servlet.TestDispatcherServlet -- Detected org.springframework.web.servlet.view.DefaultRequestToViewNameTranslator@626c569b
13:42:38.665 [main] DEBUG org.springframework.test.web.servlet.TestDispatcherServlet -- Detected org.springframework.web.servlet.support.SessionFlashMapManager@684ce74c
13:42:38.665 [main] DEBUG org.springframework.test.web.servlet.TestDispatcherServlet -- enableLoggingRequestDetails='false': request parameters and headers will be masked to prevent unsafe logging of potentially sensitive data
13:42:38.665 [main] INFO org.springframework.test.web.servlet.TestDispatcherServlet -- Completed initialization in 0 ms
13:42:38.667 [main] DEBUG org.springframework.test.web.servlet.TestDispatcherServlet -- GET "/plantes/1", parameters={}
13:42:38.667 [main] DEBUG org.springframework.web.servlet.mvc.method.annotation.RequestMappingHandlerMapping -- Mapped to com.oxyl.epf.controller.PlanteController#getPlanteById(int)
13:42:38.674 [main] DEBUG org.springframework.web.servlet.mvc.method.annotation.HttpEntityMethodProcessor -- Using 'application/json', given [*/*] and supported [application/json, application/*+json]
13:42:38.674 [main] DEBUG org.springframework.web.servlet.mvc.method.annotation.HttpEntityMethodProcessor -- Writing [com.oxyl.epf.dto.PlanteDto@165614f5]
13:42:38.674 [main] DEBUG org.springframework.test.web.servlet.TestDispatcherServlet -- Completed 200 OK
13:42:38.675 [main] DEBUG com.jayway.jsonpath.internal.path.CompiledPath -- Evaluating path: $['nom']
13:42:38.675 [main] DEBUG com.jayway.jsonpath.internal.path.CompiledPath -- Evaluating path: $['idPlante']
]]></system-out>
  </testcase>
  <testcase name="testUpdatePlante" classname="com.oxyl.epf.controller.PlanteControllerTest" time="0.013">
    <system-out><![CDATA[13:42:38.682 [main] DEBUG _org.springframework.web.servlet.HandlerMapping.Mappings -- 
	c.o.e.c.PlanteController:
	{GET [/plantes]}: getAllPlantes()
	{GET [/plantes/{id}]}: getPlanteById(int)
	{POST [/plantes]}: createPlante(PlanteDto)
	{PUT [/plantes/{id}]}: updatePlante(int,PlanteDto)
	{DELETE [/plantes/{id}]}: deletePlante(int)
13:42:38.682 [main] DEBUG org.springframework.web.servlet.mvc.method.annotation.RequestMappingHandlerMapping -- 5 mappings in org.springframework.web.servlet.mvc.method.annotation.RequestMappingHandlerMapping
13:42:38.683 [main] DEBUG org.springframework.web.servlet.mvc.method.annotation.RequestMappingHandlerAdapter -- ControllerAdvice beans: 0 @ModelAttribute, 0 @InitBinder, 1 RequestBodyAdvice, 1 ResponseBodyAdvice
13:42:38.683 [main] DEBUG org.springframework.web.servlet.mvc.method.annotation.ExceptionHandlerExceptionResolver -- ControllerAdvice beans: 0 @ExceptionHandler, 1 ResponseBodyAdvice
13:42:38.683 [main] INFO org.springframework.mock.web.MockServletContext -- Initializing Spring TestDispatcherServlet ''
13:42:38.683 [main] INFO org.springframework.test.web.servlet.TestDispatcherServlet -- Initializing Servlet ''
13:42:38.683 [main] DEBUG org.springframework.test.web.servlet.TestDispatcherServlet -- Detected AcceptHeaderLocaleResolver
13:42:38.683 [main] DEBUG org.springframework.test.web.servlet.TestDispatcherServlet -- Detected FixedThemeResolver
13:42:38.684 [main] DEBUG org.springframework.test.web.servlet.TestDispatcherServlet -- Detected org.springframework.web.servlet.view.DefaultRequestToViewNameTranslator@c14e5a5
13:42:38.684 [main] DEBUG org.springframework.test.web.servlet.TestDispatcherServlet -- Detected org.springframework.web.servlet.support.SessionFlashMapManager@16f15ae9
13:42:38.684 [main] DEBUG org.springframework.test.web.servlet.TestDispatcherServlet -- enableLoggingRequestDetails='false': request parameters and headers will be masked to prevent unsafe logging of potentially sensitive data
13:42:38.684 [main] INFO org.springframework.test.web.servlet.TestDispatcherServlet -- Completed initialization in 1 ms
13:42:38.685 [main] DEBUG org.springframework.test.web.servlet.TestDispatcherServlet -- PUT "/plantes/1", parameters={}
13:42:38.685 [main] DEBUG org.springframework.web.servlet.mvc.method.annotation.RequestMappingHandlerMapping -- Mapped to com.oxyl.epf.controller.PlanteController#updatePlante(int, PlanteDto)
13:42:38.688 [main] DEBUG org.springframework.web.servlet.mvc.method.annotation.RequestResponseBodyMethodProcessor -- Read "application/json" to [com.oxyl.epf.dto.PlanteDto@77896335]
13:42:38.690 [main] DEBUG org.springframework.web.servlet.mvc.method.annotation.HttpEntityMethodProcessor -- Using 'application/json', given [*/*] and supported [application/json, application/*+json]
13:42:38.690 [main] DEBUG org.springframework.web.servlet.mvc.method.annotation.HttpEntityMethodProcessor -- Nothing to write: null body
13:42:38.690 [main] DEBUG org.springframework.test.web.servlet.TestDispatcherServlet -- Completed 200 OK
]]></system-out>
  </testcase>
  <testcase name="testDeletePlante" classname="com.oxyl.epf.controller.PlanteControllerTest" time="0.011">
    <system-out><![CDATA[13:42:38.696 [main] DEBUG _org.springframework.web.servlet.HandlerMapping.Mappings -- 
	c.o.e.c.PlanteController:
	{GET [/plantes]}: getAllPlantes()
	{GET [/plantes/{id}]}: getPlanteById(int)
	{POST [/plantes]}: createPlante(PlanteDto)
	{PUT [/plantes/{id}]}: updatePlante(int,PlanteDto)
	{DELETE [/plantes/{id}]}: deletePlante(int)
13:42:38.696 [main] DEBUG org.springframework.web.servlet.mvc.method.annotation.RequestMappingHandlerMapping -- 5 mappings in org.springframework.web.servlet.mvc.method.annotation.RequestMappingHandlerMapping
13:42:38.697 [main] DEBUG org.springframework.web.servlet.mvc.method.annotation.RequestMappingHandlerAdapter -- ControllerAdvice beans: 0 @ModelAttribute, 0 @InitBinder, 1 RequestBodyAdvice, 1 ResponseBodyAdvice
13:42:38.697 [main] DEBUG org.springframework.web.servlet.mvc.method.annotation.ExceptionHandlerExceptionResolver -- ControllerAdvice beans: 0 @ExceptionHandler, 1 ResponseBodyAdvice
13:42:38.697 [main] INFO org.springframework.mock.web.MockServletContext -- Initializing Spring TestDispatcherServlet ''
13:42:38.697 [main] INFO org.springframework.test.web.servlet.TestDispatcherServlet -- Initializing Servlet ''
13:42:38.697 [main] DEBUG org.springframework.test.web.servlet.TestDispatcherServlet -- Detected AcceptHeaderLocaleResolver
13:42:38.697 [main] DEBUG org.springframework.test.web.servlet.TestDispatcherServlet -- Detected FixedThemeResolver
13:42:38.697 [main] DEBUG org.springframework.test.web.servlet.TestDispatcherServlet -- Detected org.springframework.web.servlet.view.DefaultRequestToViewNameTranslator@40d96578
13:42:38.697 [main] DEBUG org.springframework.test.web.servlet.TestDispatcherServlet -- Detected org.springframework.web.servlet.support.SessionFlashMapManager@c97721b
13:42:38.697 [main] DEBUG org.springframework.test.web.servlet.TestDispatcherServlet -- enableLoggingRequestDetails='false': request parameters and headers will be masked to prevent unsafe logging of potentially sensitive data
13:42:38.697 [main] INFO org.springframework.test.web.servlet.TestDispatcherServlet -- Completed initialization in 0 ms
13:42:38.699 [main] DEBUG org.springframework.test.web.servlet.TestDispatcherServlet -- DELETE "/plantes/1", parameters={}
13:42:38.699 [main] DEBUG org.springframework.web.servlet.mvc.method.annotation.RequestMappingHandlerMapping -- Mapped to com.oxyl.epf.controller.PlanteController#deletePlante(int)
13:42:38.701 [main] DEBUG org.springframework.web.servlet.mvc.method.annotation.HttpEntityMethodProcessor -- Using 'application/json', given [*/*] and supported [application/json, application/*+json]
13:42:38.701 [main] DEBUG org.springframework.web.servlet.mvc.method.annotation.HttpEntityMethodProcessor -- Nothing to write: null body
13:42:38.702 [main] DEBUG org.springframework.test.web.servlet.TestDispatcherServlet -- Completed 200 OK
]]></system-out>
  </testcase>
</testsuite>