<?xml version="1.0" encoding="UTF-8"?>
<testsuite xmlns:xsi="http://www.w3.org/2001/XMLSchema-instance" xsi:noNamespaceSchemaLocation="https://maven.apache.org/surefire/maven-surefire-plugin/xsd/surefire-test-report-3.0.xsd" version="3.0" name="com.epf.controller.MapControllerTest" time="0.056" tests="5" errors="0" skipped="0" failures="0">
  <properties>
    <property name="java.specification.version" value="23"/>
    <property name="sun.jnu.encoding" value="UTF-8"/>
    <property name="java.class.path" value="/Users/antonindudragne/Documents/4A EPF/Java/Projet/target/test-classes:/Users/antonindudragne/Documents/4A EPF/Java/Projet/target/classes:/Users/antonindudragne/.m2/repository/org/springframework/spring-webmvc/6.2.2/spring-webmvc-6.2.2.jar:/Users/antonindudragne/.m2/repository/org/springframework/spring-aop/6.2.2/spring-aop-6.2.2.jar:/Users/antonindudragne/.m2/repository/org/springframework/spring-beans/6.2.2/spring-beans-6.2.2.jar:/Users/antonindudragne/.m2/repository/org/springframework/spring-context/6.2.2/spring-context-6.2.2.jar:/Users/antonindudragne/.m2/repository/io/micrometer/micrometer-observation/1.14.3/micrometer-observation-1.14.3.jar:/Users/antonindudragne/.m2/repository/io/micrometer/micrometer-commons/1.14.3/micrometer-commons-1.14.3.jar:/Users/antonindudragne/.m2/repository/org/springframework/spring-core/6.2.2/spring-core-6.2.2.jar:/Users/antonindudragne/.m2/repository/org/springframework/spring-jcl/6.2.2/spring-jcl-6.2.2.jar:/Users/antonindudragne/.m2/repository/org/springframework/spring-expression/6.2.2/spring-expression-6.2.2.jar:/Users/antonindudragne/.m2/repository/org/springframework/spring-web/6.2.2/spring-web-6.2.2.jar:/Users/antonindudragne/.m2/repository/org/springframework/spring-jdbc/6.1.13/spring-jdbc-6.1.13.jar:/Users/antonindudragne/.m2/repository/org/springframework/spring-tx/6.1.13/spring-tx-6.1.13.jar:/Users/antonindudragne/.m2/repository/com/mysql/mysql-connector-j/8.0.33/mysql-connector-j-8.0.33.jar:/Users/antonindudragne/.m2/repository/com/google/protobuf/protobuf-java/3.21.9/protobuf-java-3.21.9.jar:/Users/antonindudragne/.m2/repository/com/fasterxml/jackson/core/jackson-databind/2.18.2/jackson-databind-2.18.2.jar:/Users/antonindudragne/.m2/repository/com/fasterxml/jackson/core/jackson-annotations/2.18.2/jackson-annotations-2.18.2.jar:/Users/antonindudragne/.m2/repository/com/fasterxml/jackson/core/jackson-core/2.18.2/jackson-core-2.18.2.jar:/Users/antonindudragne/.m2/repository/jakarta/servlet/jakarta.servlet-api/6.1.0/jakarta.servlet-api-6.1.0.jar:/Users/antonindudragne/.m2/repository/ch/qos/logback/logback-classic/1.5.16/logback-classic-1.5.16.jar:/Users/antonindudragne/.m2/repository/ch/qos/logback/logback-core/1.5.16/logback-core-1.5.16.jar:/Users/antonindudragne/.m2/repository/org/slf4j/slf4j-api/2.0.16/slf4j-api-2.0.16.jar:/Users/antonindudragne/.m2/repository/org/junit/jupiter/junit-jupiter/5.10.2/junit-jupiter-5.10.2.jar:/Users/antonindudragne/.m2/repository/org/junit/jupiter/junit-jupiter-api/5.10.2/junit-jupiter-api-5.10.2.jar:/Users/antonindudragne/.m2/repository/org/opentest4j/opentest4j/1.3.0/opentest4j-1.3.0.jar:/Users/antonindudragne/.m2/repository/org/junit/platform/junit-platform-commons/1.10.2/junit-platform-commons-1.10.2.jar:/Users/antonindudragne/.m2/repository/org/apiguardian/apiguardian-api/1.1.2/apiguardian-api-1.1.2.jar:/Users/antonindudragne/.m2/repository/org/junit/jupiter/junit-jupiter-params/5.10.2/junit-jupiter-params-5.10.2.jar:/Users/antonindudragne/.m2/repository/org/junit/jupiter/junit-jupiter-engine/5.10.2/junit-jupiter-engine-5.10.2.jar:/Users/antonindudragne/.m2/repository/org/junit/platform/junit-platform-engine/1.10.2/junit-platform-engine-1.10.2.jar:/Users/antonindudragne/.m2/repository/org/mockito/mockito-core/5.10.0/mockito-core-5.10.0.jar:/Users/antonindudragne/.m2/repository/net/bytebuddy/byte-buddy/1.14.11/byte-buddy-1.14.11.jar:/Users/antonindudragne/.m2/repository/net/bytebuddy/byte-buddy-agent/1.14.11/byte-buddy-agent-1.14.11.jar:/Users/antonindudragne/.m2/repository/org/objenesis/objenesis/3.3/objenesis-3.3.jar:/Users/antonindudragne/.m2/repository/org/springframework/spring-test/6.2.2/spring-test-6.2.2.jar:/Users/antonindudragne/.m2/repository/com/h2database/h2/2.2.224/h2-2.2.224.jar:/Users/antonindudragne/.m2/repository/junit/junit/4.13.2/junit-4.13.2.jar:/Users/antonindudragne/.m2/repository/org/hamcrest/hamcrest-core/1.3/hamcrest-core-1.3.jar:/Users/antonindudragne/.m2/repository/com/jayway/jsonpath/json-path/2.7.0/json-path-2.7.0.jar:/Users/antonindudragne/.m2/repository/net/minidev/json-smart/2.4.7/json-smart-2.4.7.jar:/Users/antonindudragne/.m2/repository/net/minidev/accessors-smart/2.4.7/accessors-smart-2.4.7.jar:/Users/antonindudragne/.m2/repository/org/ow2/asm/asm/9.1/asm-9.1.jar:"/>
    <property name="java.vm.vendor" value="Homebrew"/>
    <property name="sun.arch.data.model" value="64"/>
    <property name="java.vendor.url" value="https://github.com/Homebrew/homebrew-core/issues"/>
    <property name="user.timezone" value="Europe/Paris"/>
    <property name="os.name" value="Mac OS X"/>
    <property name="java.vm.specification.version" value="23"/>
    <property name="sun.java.launcher" value="SUN_STANDARD"/>
    <property name="user.country" value="FR"/>
    <property name="sun.boot.library.path" value="/opt/homebrew/Cellar/openjdk/23.0.2/libexec/openjdk.jdk/Contents/Home/lib"/>
    <property name="sun.java.command" value="/Users/antonindudragne/Documents/4A EPF/Java/Projet/target/surefire/surefirebooter-20250310142341669_3.jar /Users/antonindudragne/Documents/4A EPF/Java/Projet/target/surefire 2025-03-10T14-23-41_613-jvmRun1 surefire-20250310142341669_1tmp surefire_0-20250310142341669_2tmp"/>
    <property name="http.nonProxyHosts" value="local|*.local|169.254/16|*.169.254/16"/>
    <property name="jdk.debug" value="release"/>
    <property name="surefire.test.class.path" value="/Users/antonindudragne/Documents/4A EPF/Java/Projet/target/test-classes:/Users/antonindudragne/Documents/4A EPF/Java/Projet/target/classes:/Users/antonindudragne/.m2/repository/org/springframework/spring-webmvc/6.2.2/spring-webmvc-6.2.2.jar:/Users/antonindudragne/.m2/repository/org/springframework/spring-aop/6.2.2/spring-aop-6.2.2.jar:/Users/antonindudragne/.m2/repository/org/springframework/spring-beans/6.2.2/spring-beans-6.2.2.jar:/Users/antonindudragne/.m2/repository/org/springframework/spring-context/6.2.2/spring-context-6.2.2.jar:/Users/antonindudragne/.m2/repository/io/micrometer/micrometer-observation/1.14.3/micrometer-observation-1.14.3.jar:/Users/antonindudragne/.m2/repository/io/micrometer/micrometer-commons/1.14.3/micrometer-commons-1.14.3.jar:/Users/antonindudragne/.m2/repository/org/springframework/spring-core/6.2.2/spring-core-6.2.2.jar:/Users/antonindudragne/.m2/repository/org/springframework/spring-jcl/6.2.2/spring-jcl-6.2.2.jar:/Users/antonindudragne/.m2/repository/org/springframework/spring-expression/6.2.2/spring-expression-6.2.2.jar:/Users/antonindudragne/.m2/repository/org/springframework/spring-web/6.2.2/spring-web-6.2.2.jar:/Users/antonindudragne/.m2/repository/org/springframework/spring-jdbc/6.1.13/spring-jdbc-6.1.13.jar:/Users/antonindudragne/.m2/repository/org/springframework/spring-tx/6.1.13/spring-tx-6.1.13.jar:/Users/antonindudragne/.m2/repository/com/mysql/mysql-connector-j/8.0.33/mysql-connector-j-8.0.33.jar:/Users/antonindudragne/.m2/repository/com/google/protobuf/protobuf-java/3.21.9/protobuf-java-3.21.9.jar:/Users/antonindudragne/.m2/repository/com/fasterxml/jackson/core/jackson-databind/2.18.2/jackson-databind-2.18.2.jar:/Users/antonindudragne/.m2/repository/com/fasterxml/jackson/core/jackson-annotations/2.18.2/jackson-annotations-2.18.2.jar:/Users/antonindudragne/.m2/repository/com/fasterxml/jackson/core/jackson-core/2.18.2/jackson-core-2.18.2.jar:/Users/antonindudragne/.m2/repository/jakarta/servlet/jakarta.servlet-api/6.1.0/jakarta.servlet-api-6.1.0.jar:/Users/antonindudragne/.m2/repository/ch/qos/logback/logback-classic/1.5.16/logback-classic-1.5.16.jar:/Users/antonindudragne/.m2/repository/ch/qos/logback/logback-core/1.5.16/logback-core-1.5.16.jar:/Users/antonindudragne/.m2/repository/org/slf4j/slf4j-api/2.0.16/slf4j-api-2.0.16.jar:/Users/antonindudragne/.m2/repository/org/junit/jupiter/junit-jupiter/5.10.2/junit-jupiter-5.10.2.jar:/Users/antonindudragne/.m2/repository/org/junit/jupiter/junit-jupiter-api/5.10.2/junit-jupiter-api-5.10.2.jar:/Users/antonindudragne/.m2/repository/org/opentest4j/opentest4j/1.3.0/opentest4j-1.3.0.jar:/Users/antonindudragne/.m2/repository/org/junit/platform/junit-platform-commons/1.10.2/junit-platform-commons-1.10.2.jar:/Users/antonindudragne/.m2/repository/org/apiguardian/apiguardian-api/1.1.2/apiguardian-api-1.1.2.jar:/Users/antonindudragne/.m2/repository/org/junit/jupiter/junit-jupiter-params/5.10.2/junit-jupiter-params-5.10.2.jar:/Users/antonindudragne/.m2/repository/org/junit/jupiter/junit-jupiter-engine/5.10.2/junit-jupiter-engine-5.10.2.jar:/Users/antonindudragne/.m2/repository/org/junit/platform/junit-platform-engine/1.10.2/junit-platform-engine-1.10.2.jar:/Users/antonindudragne/.m2/repository/org/mockito/mockito-core/5.10.0/mockito-core-5.10.0.jar:/Users/antonindudragne/.m2/repository/net/bytebuddy/byte-buddy/1.14.11/byte-buddy-1.14.11.jar:/Users/antonindudragne/.m2/repository/net/bytebuddy/byte-buddy-agent/1.14.11/byte-buddy-agent-1.14.11.jar:/Users/antonindudragne/.m2/repository/org/objenesis/objenesis/3.3/objenesis-3.3.jar:/Users/antonindudragne/.m2/repository/org/springframework/spring-test/6.2.2/spring-test-6.2.2.jar:/Users/antonindudragne/.m2/repository/com/h2database/h2/2.2.224/h2-2.2.224.jar:/Users/antonindudragne/.m2/repository/junit/junit/4.13.2/junit-4.13.2.jar:/Users/antonindudragne/.m2/repository/org/hamcrest/hamcrest-core/1.3/hamcrest-core-1.3.jar:/Users/antonindudragne/.m2/repository/com/jayway/jsonpath/json-path/2.7.0/json-path-2.7.0.jar:/Users/antonindudragne/.m2/repository/net/minidev/json-smart/2.4.7/json-smart-2.4.7.jar:/Users/antonindudragne/.m2/repository/net/minidev/accessors-smart/2.4.7/accessors-smart-2.4.7.jar:/Users/antonindudragne/.m2/repository/org/ow2/asm/asm/9.1/asm-9.1.jar:"/>
    <property name="sun.cpu.endian" value="little"/>
    <property name="user.home" value="/Users/antonindudragne"/>
    <property name="user.language" value="fr"/>
    <property name="java.specification.vendor" value="Oracle Corporation"/>
    <property name="java.version.date" value="2025-01-21"/>
    <property name="java.home" value="/opt/homebrew/Cellar/openjdk/23.0.2/libexec/openjdk.jdk/Contents/Home"/>
    <property name="file.separator" value="/"/>
    <property name="basedir" value="/Users/antonindudragne/Documents/4A EPF/Java/Projet"/>
    <property name="java.vm.compressedOopsMode" value="Zero based"/>
    <property name="line.separator" value="&#10;"/>
    <property name="java.vm.specification.vendor" value="Oracle Corporation"/>
    <property name="java.specification.name" value="Java Platform API Specification"/>
    <property name="apple.awt.application.name" value="ForkedBooter"/>
    <property name="surefire.real.class.path" value="/Users/antonindudragne/Documents/4A EPF/Java/Projet/target/surefire/surefirebooter-20250310142341669_3.jar"/>
    <property name="sun.management.compiler" value="HotSpot 64-Bit Tiered Compilers"/>
    <property name="ftp.nonProxyHosts" value="local|*.local|169.254/16|*.169.254/16"/>
    <property name="java.runtime.version" value="23.0.2"/>
    <property name="user.name" value="antonindudragne"/>
    <property name="stdout.encoding" value="UTF-8"/>
    <property name="path.separator" value=":"/>
    <property name="os.version" value="15.3.1"/>
    <property name="java.runtime.name" value="OpenJDK Runtime Environment"/>
    <property name="file.encoding" value="UTF-8"/>
    <property name="java.vm.name" value="OpenJDK 64-Bit Server VM"/>
    <property name="java.vendor.version" value="Homebrew"/>
    <property name="localRepository" value="/Users/antonindudragne/.m2/repository"/>
    <property name="java.vendor.url.bug" value="https://github.com/Homebrew/homebrew-core/issues"/>
    <property name="java.io.tmpdir" value="/var/folders/w_/myk1td2x5yl9xhd021yswqqw0000gn/T/"/>
    <property name="java.version" value="23.0.2"/>
    <property name="user.dir" value="/Users/antonindudragne/Documents/4A EPF/Java/Projet"/>
    <property name="os.arch" value="aarch64"/>
    <property name="java.vm.specification.name" value="Java Virtual Machine Specification"/>
    <property name="native.encoding" value="UTF-8"/>
    <property name="java.library.path" value="/Users/antonindudragne/Library/Java/Extensions:/Library/Java/Extensions:/Network/Library/Java/Extensions:/System/Library/Java/Extensions:/usr/lib/java:."/>
    <property name="java.vm.info" value="mixed mode, sharing"/>
    <property name="stderr.encoding" value="UTF-8"/>
    <property name="java.vendor" value="Homebrew"/>
    <property name="java.vm.version" value="23.0.2"/>
    <property name="sun.io.unicode.encoding" value="UnicodeBig"/>
    <property name="socksNonProxyHosts" value="local|*.local|169.254/16|*.169.254/16"/>
    <property name="java.class.version" value="67.0"/>
  </properties>
  <testcase name="testUpdateMap" classname="com.epf.controller.MapControllerTest" time="0.029">
    <system-out><![CDATA[14:23:43.557 [main] DEBUG _org.springframework.web.servlet.HandlerMapping.Mappings -- 
	c.e.c.MapController:
	{POST [/api/maps]}: createMap(MapDto)
	{GET [/api/maps]}: getAllMaps()
	{GET [/api/maps/{id}]}: getMapById(int)
	{PUT [/api/maps/{id}]}: updateMap(int,MapDto)
	{DELETE [/api/maps/{id}]}: deleteMap(int)
14:23:43.557 [main] DEBUG org.springframework.web.servlet.mvc.method.annotation.RequestMappingHandlerMapping -- 5 mappings in org.springframework.web.servlet.mvc.method.annotation.RequestMappingHandlerMapping
14:23:43.558 [main] DEBUG org.springframework.web.servlet.mvc.method.annotation.RequestMappingHandlerAdapter -- ControllerAdvice beans: 0 @ModelAttribute, 0 @InitBinder, 1 RequestBodyAdvice, 1 ResponseBodyAdvice
14:23:43.558 [main] DEBUG org.springframework.web.servlet.mvc.method.annotation.ExceptionHandlerExceptionResolver -- ControllerAdvice beans: 0 @ExceptionHandler, 1 ResponseBodyAdvice
14:23:43.558 [main] INFO org.springframework.mock.web.MockServletContext -- Initializing Spring TestDispatcherServlet ''
14:23:43.558 [main] INFO org.springframework.test.web.servlet.TestDispatcherServlet -- Initializing Servlet ''
14:23:43.558 [main] DEBUG org.springframework.test.web.servlet.TestDispatcherServlet -- Detected AcceptHeaderLocaleResolver
14:23:43.558 [main] DEBUG org.springframework.test.web.servlet.TestDispatcherServlet -- Detected FixedThemeResolver
14:23:43.558 [main] DEBUG org.springframework.test.web.servlet.TestDispatcherServlet -- Detected org.springframework.web.servlet.view.DefaultRequestToViewNameTranslator@747835f5
14:23:43.558 [main] DEBUG org.springframework.test.web.servlet.TestDispatcherServlet -- Detected org.springframework.web.servlet.support.SessionFlashMapManager@594131f2
14:23:43.558 [main] DEBUG org.springframework.test.web.servlet.TestDispatcherServlet -- enableLoggingRequestDetails='false': request parameters and headers will be masked to prevent unsafe logging of potentially sensitive data
14:23:43.558 [main] INFO org.springframework.test.web.servlet.TestDispatcherServlet -- Completed initialization in 0 ms
14:23:43.560 [main] DEBUG org.springframework.test.web.servlet.TestDispatcherServlet -- PUT "/api/maps/1", parameters={}
14:23:43.560 [main] DEBUG org.springframework.web.servlet.mvc.method.annotation.RequestMappingHandlerMapping -- Mapped to com.epf.controller.MapController#updateMap(int, MapDto)
14:23:43.561 [main] DEBUG org.springframework.web.servlet.mvc.method.annotation.RequestResponseBodyMethodProcessor -- Read "application/json" to [com.epf.dto.MapDto@4e0cc334]
14:23:43.562 [main] DEBUG org.springframework.web.servlet.mvc.method.annotation.HttpEntityMethodProcessor -- Using 'application/json', given [*/*] and supported [application/json, application/*+json]
14:23:43.562 [main] DEBUG org.springframework.web.servlet.mvc.method.annotation.HttpEntityMethodProcessor -- Nothing to write: null body
14:23:43.562 [main] DEBUG org.springframework.test.web.servlet.TestDispatcherServlet -- Completed 200 OK
]]></system-out>
  </testcase>
  <testcase name="testGetAllMaps" classname="com.epf.controller.MapControllerTest" time="0.007">
    <system-out><![CDATA[14:23:43.566 [main] DEBUG _org.springframework.web.servlet.HandlerMapping.Mappings -- 
	c.e.c.MapController:
	{POST [/api/maps]}: createMap(MapDto)
	{GET [/api/maps]}: getAllMaps()
	{GET [/api/maps/{id}]}: getMapById(int)
	{PUT [/api/maps/{id}]}: updateMap(int,MapDto)
	{DELETE [/api/maps/{id}]}: deleteMap(int)
14:23:43.566 [main] DEBUG org.springframework.web.servlet.mvc.method.annotation.RequestMappingHandlerMapping -- 5 mappings in org.springframework.web.servlet.mvc.method.annotation.RequestMappingHandlerMapping
14:23:43.566 [main] DEBUG org.springframework.web.servlet.mvc.method.annotation.RequestMappingHandlerAdapter -- ControllerAdvice beans: 0 @ModelAttribute, 0 @InitBinder, 1 RequestBodyAdvice, 1 ResponseBodyAdvice
14:23:43.567 [main] DEBUG org.springframework.web.servlet.mvc.method.annotation.ExceptionHandlerExceptionResolver -- ControllerAdvice beans: 0 @ExceptionHandler, 1 ResponseBodyAdvice
14:23:43.567 [main] INFO org.springframework.mock.web.MockServletContext -- Initializing Spring TestDispatcherServlet ''
14:23:43.567 [main] INFO org.springframework.test.web.servlet.TestDispatcherServlet -- Initializing Servlet ''
14:23:43.567 [main] DEBUG org.springframework.test.web.servlet.TestDispatcherServlet -- Detected AcceptHeaderLocaleResolver
14:23:43.567 [main] DEBUG org.springframework.test.web.servlet.TestDispatcherServlet -- Detected FixedThemeResolver
14:23:43.567 [main] DEBUG org.springframework.test.web.servlet.TestDispatcherServlet -- Detected org.springframework.web.servlet.view.DefaultRequestToViewNameTranslator@ea00de
14:23:43.567 [main] DEBUG org.springframework.test.web.servlet.TestDispatcherServlet -- Detected org.springframework.web.servlet.support.SessionFlashMapManager@23ca36d
14:23:43.567 [main] DEBUG org.springframework.test.web.servlet.TestDispatcherServlet -- enableLoggingRequestDetails='false': request parameters and headers will be masked to prevent unsafe logging of potentially sensitive data
14:23:43.567 [main] INFO org.springframework.test.web.servlet.TestDispatcherServlet -- Completed initialization in 0 ms
14:23:43.567 [main] DEBUG org.springframework.test.web.servlet.TestDispatcherServlet -- GET "/api/maps", parameters={}
14:23:43.567 [main] DEBUG org.springframework.web.servlet.mvc.method.annotation.RequestMappingHandlerMapping -- Mapped to com.epf.controller.MapController#getAllMaps()
14:23:43.568 [main] DEBUG org.springframework.web.servlet.mvc.method.annotation.HttpEntityMethodProcessor -- Using 'application/json', given [*/*] and supported [application/json, application/*+json]
14:23:43.568 [main] DEBUG org.springframework.web.servlet.mvc.method.annotation.HttpEntityMethodProcessor -- Writing [[com.epf.dto.MapDto@2b80e5a9]]
14:23:43.569 [main] DEBUG org.springframework.test.web.servlet.TestDispatcherServlet -- Completed 200 OK
14:23:43.569 [main] DEBUG com.jayway.jsonpath.internal.path.CompiledPath -- Evaluating path: $[0]['idMap']
14:23:43.569 [main] DEBUG com.jayway.jsonpath.internal.path.CompiledPath -- Evaluating path: $[0]['ligne']
14:23:43.569 [main] DEBUG com.jayway.jsonpath.internal.path.CompiledPath -- Evaluating path: $[0]['colonne']
]]></system-out>
  </testcase>
  <testcase name="testDeleteMap" classname="com.epf.controller.MapControllerTest" time="0.006">
    <system-out><![CDATA[14:23:43.572 [main] DEBUG _org.springframework.web.servlet.HandlerMapping.Mappings -- 
	c.e.c.MapController:
	{POST [/api/maps]}: createMap(MapDto)
	{GET [/api/maps]}: getAllMaps()
	{GET [/api/maps/{id}]}: getMapById(int)
	{PUT [/api/maps/{id}]}: updateMap(int,MapDto)
	{DELETE [/api/maps/{id}]}: deleteMap(int)
14:23:43.573 [main] DEBUG org.springframework.web.servlet.mvc.method.annotation.RequestMappingHandlerMapping -- 5 mappings in org.springframework.web.servlet.mvc.method.annotation.RequestMappingHandlerMapping
14:23:43.573 [main] DEBUG org.springframework.web.servlet.mvc.method.annotation.RequestMappingHandlerAdapter -- ControllerAdvice beans: 0 @ModelAttribute, 0 @InitBinder, 1 RequestBodyAdvice, 1 ResponseBodyAdvice
14:23:43.574 [main] DEBUG org.springframework.web.servlet.mvc.method.annotation.ExceptionHandlerExceptionResolver -- ControllerAdvice beans: 0 @ExceptionHandler, 1 ResponseBodyAdvice
14:23:43.574 [main] INFO org.springframework.mock.web.MockServletContext -- Initializing Spring TestDispatcherServlet ''
14:23:43.574 [main] INFO org.springframework.test.web.servlet.TestDispatcherServlet -- Initializing Servlet ''
14:23:43.574 [main] DEBUG org.springframework.test.web.servlet.TestDispatcherServlet -- Detected AcceptHeaderLocaleResolver
14:23:43.574 [main] DEBUG org.springframework.test.web.servlet.TestDispatcherServlet -- Detected FixedThemeResolver
14:23:43.574 [main] DEBUG org.springframework.test.web.servlet.TestDispatcherServlet -- Detected org.springframework.web.servlet.view.DefaultRequestToViewNameTranslator@5d5c41e5
14:23:43.574 [main] DEBUG org.springframework.test.web.servlet.TestDispatcherServlet -- Detected org.springframework.web.servlet.support.SessionFlashMapManager@43245559
14:23:43.574 [main] DEBUG org.springframework.test.web.servlet.TestDispatcherServlet -- enableLoggingRequestDetails='false': request parameters and headers will be masked to prevent unsafe logging of potentially sensitive data
14:23:43.574 [main] INFO org.springframework.test.web.servlet.TestDispatcherServlet -- Completed initialization in 0 ms
14:23:43.574 [main] DEBUG org.springframework.test.web.servlet.TestDispatcherServlet -- DELETE "/api/maps/1", parameters={}
14:23:43.575 [main] DEBUG org.springframework.web.servlet.mvc.method.annotation.RequestMappingHandlerMapping -- Mapped to com.epf.controller.MapController#deleteMap(int)
14:23:43.575 [main] DEBUG org.springframework.web.servlet.mvc.method.annotation.HttpEntityMethodProcessor -- Using 'application/json', given [*/*] and supported [application/json, application/*+json]
14:23:43.575 [main] DEBUG org.springframework.web.servlet.mvc.method.annotation.HttpEntityMethodProcessor -- Nothing to write: null body
14:23:43.575 [main] DEBUG org.springframework.test.web.servlet.TestDispatcherServlet -- Completed 200 OK
]]></system-out>
  </testcase>
  <testcase name="testGetMapById" classname="com.epf.controller.MapControllerTest" time="0.006">
    <system-out><![CDATA[14:23:43.578 [main] DEBUG _org.springframework.web.servlet.HandlerMapping.Mappings -- 
	c.e.c.MapController:
	{POST [/api/maps]}: createMap(MapDto)
	{GET [/api/maps]}: getAllMaps()
	{GET [/api/maps/{id}]}: getMapById(int)
	{PUT [/api/maps/{id}]}: updateMap(int,MapDto)
	{DELETE [/api/maps/{id}]}: deleteMap(int)
14:23:43.579 [main] DEBUG org.springframework.web.servlet.mvc.method.annotation.RequestMappingHandlerMapping -- 5 mappings in org.springframework.web.servlet.mvc.method.annotation.RequestMappingHandlerMapping
14:23:43.579 [main] DEBUG org.springframework.web.servlet.mvc.method.annotation.RequestMappingHandlerAdapter -- ControllerAdvice beans: 0 @ModelAttribute, 0 @InitBinder, 1 RequestBodyAdvice, 1 ResponseBodyAdvice
14:23:43.579 [main] DEBUG org.springframework.web.servlet.mvc.method.annotation.ExceptionHandlerExceptionResolver -- ControllerAdvice beans: 0 @ExceptionHandler, 1 ResponseBodyAdvice
14:23:43.579 [main] INFO org.springframework.mock.web.MockServletContext -- Initializing Spring TestDispatcherServlet ''
14:23:43.579 [main] INFO org.springframework.test.web.servlet.TestDispatcherServlet -- Initializing Servlet ''
14:23:43.579 [main] DEBUG org.springframework.test.web.servlet.TestDispatcherServlet -- Detected AcceptHeaderLocaleResolver
14:23:43.579 [main] DEBUG org.springframework.test.web.servlet.TestDispatcherServlet -- Detected FixedThemeResolver
14:23:43.579 [main] DEBUG org.springframework.test.web.servlet.TestDispatcherServlet -- Detected org.springframework.web.servlet.view.DefaultRequestToViewNameTranslator@22825e1e
14:23:43.579 [main] DEBUG org.springframework.test.web.servlet.TestDispatcherServlet -- Detected org.springframework.web.servlet.support.SessionFlashMapManager@335f5c69
14:23:43.579 [main] DEBUG org.springframework.test.web.servlet.TestDispatcherServlet -- enableLoggingRequestDetails='false': request parameters and headers will be masked to prevent unsafe logging of potentially sensitive data
14:23:43.579 [main] INFO org.springframework.test.web.servlet.TestDispatcherServlet -- Completed initialization in 0 ms
14:23:43.580 [main] DEBUG org.springframework.test.web.servlet.TestDispatcherServlet -- GET "/api/maps/1", parameters={}
14:23:43.580 [main] DEBUG org.springframework.web.servlet.mvc.method.annotation.RequestMappingHandlerMapping -- Mapped to com.epf.controller.MapController#getMapById(int)
14:23:43.581 [main] DEBUG org.springframework.web.servlet.mvc.method.annotation.HttpEntityMethodProcessor -- Using 'application/json', given [*/*] and supported [application/json, application/*+json]
14:23:43.581 [main] DEBUG org.springframework.web.servlet.mvc.method.annotation.HttpEntityMethodProcessor -- Writing [com.epf.dto.MapDto@64502326]
14:23:43.581 [main] DEBUG org.springframework.test.web.servlet.TestDispatcherServlet -- Completed 200 OK
14:23:43.582 [main] DEBUG com.jayway.jsonpath.internal.path.CompiledPath -- Evaluating path: $['idMap']
14:23:43.582 [main] DEBUG com.jayway.jsonpath.internal.path.CompiledPath -- Evaluating path: $['ligne']
14:23:43.582 [main] DEBUG com.jayway.jsonpath.internal.path.CompiledPath -- Evaluating path: $['colonne']
]]></system-out>
  </testcase>
  <testcase name="testCreateMap" classname="com.epf.controller.MapControllerTest" time="0.006">
    <system-out><![CDATA[14:23:43.585 [main] DEBUG _org.springframework.web.servlet.HandlerMapping.Mappings -- 
	c.e.c.MapController:
	{POST [/api/maps]}: createMap(MapDto)
	{GET [/api/maps]}: getAllMaps()
	{GET [/api/maps/{id}]}: getMapById(int)
	{PUT [/api/maps/{id}]}: updateMap(int,MapDto)
	{DELETE [/api/maps/{id}]}: deleteMap(int)
14:23:43.585 [main] DEBUG org.springframework.web.servlet.mvc.method.annotation.RequestMappingHandlerMapping -- 5 mappings in org.springframework.web.servlet.mvc.method.annotation.RequestMappingHandlerMapping
14:23:43.585 [main] DEBUG org.springframework.web.servlet.mvc.method.annotation.RequestMappingHandlerAdapter -- ControllerAdvice beans: 0 @ModelAttribute, 0 @InitBinder, 1 RequestBodyAdvice, 1 ResponseBodyAdvice
14:23:43.585 [main] DEBUG org.springframework.web.servlet.mvc.method.annotation.ExceptionHandlerExceptionResolver -- ControllerAdvice beans: 0 @ExceptionHandler, 1 ResponseBodyAdvice
14:23:43.585 [main] INFO org.springframework.mock.web.MockServletContext -- Initializing Spring TestDispatcherServlet ''
14:23:43.585 [main] INFO org.springframework.test.web.servlet.TestDispatcherServlet -- Initializing Servlet ''
14:23:43.585 [main] DEBUG org.springframework.test.web.servlet.TestDispatcherServlet -- Detected AcceptHeaderLocaleResolver
14:23:43.585 [main] DEBUG org.springframework.test.web.servlet.TestDispatcherServlet -- Detected FixedThemeResolver
14:23:43.586 [main] DEBUG org.springframework.test.web.servlet.TestDispatcherServlet -- Detected org.springframework.web.servlet.view.DefaultRequestToViewNameTranslator@733e6df7
14:23:43.586 [main] DEBUG org.springframework.test.web.servlet.TestDispatcherServlet -- Detected org.springframework.web.servlet.support.SessionFlashMapManager@7fe07361
14:23:43.586 [main] DEBUG org.springframework.test.web.servlet.TestDispatcherServlet -- enableLoggingRequestDetails='false': request parameters and headers will be masked to prevent unsafe logging of potentially sensitive data
14:23:43.586 [main] INFO org.springframework.test.web.servlet.TestDispatcherServlet -- Completed initialization in 1 ms
14:23:43.587 [main] DEBUG org.springframework.test.web.servlet.TestDispatcherServlet -- POST "/api/maps", parameters={}
14:23:43.587 [main] DEBUG org.springframework.web.servlet.mvc.method.annotation.RequestMappingHandlerMapping -- Mapped to com.epf.controller.MapController#createMap(MapDto)
14:23:43.588 [main] DEBUG org.springframework.web.servlet.mvc.method.annotation.RequestResponseBodyMethodProcessor -- Read "application/json" to [com.epf.dto.MapDto@4ef4f627]
14:23:43.588 [main] DEBUG org.springframework.web.servlet.mvc.method.annotation.HttpEntityMethodProcessor -- Using 'application/json', given [*/*] and supported [application/json, application/*+json]
14:23:43.588 [main] DEBUG org.springframework.web.servlet.mvc.method.annotation.HttpEntityMethodProcessor -- Nothing to write: null body
14:23:43.588 [main] DEBUG org.springframework.test.web.servlet.TestDispatcherServlet -- Completed 201 CREATED
]]></system-out>
  </testcase>
</testsuite>