<?xml version="1.0" encoding="UTF-8"?>
<testsuite xmlns:xsi="http://www.w3.org/2001/XMLSchema-instance" xsi:noNamespaceSchemaLocation="https://maven.apache.org/surefire/maven-surefire-plugin/xsd/surefire-test-report-3.0.xsd" version="3.0" name="com.epf.controller.ZombieControllerTest" time="0.079" tests="6" errors="0" skipped="0" failures="0">
  <properties>
    <property name="java.specification.version" value="23"/>
    <property name="sun.jnu.encoding" value="UTF-8"/>
    <property name="java.class.path" value="/Users/antonindudragne/Documents/4A EPF/Java/Projet/target/test-classes:/Users/antonindudragne/Documents/4A EPF/Java/Projet/target/classes:/Users/antonindudragne/.m2/repository/org/springframework/spring-webmvc/6.2.2/spring-webmvc-6.2.2.jar:/Users/antonindudragne/.m2/repository/org/springframework/spring-aop/6.2.2/spring-aop-6.2.2.jar:/Users/antonindudragne/.m2/repository/org/springframework/spring-beans/6.2.2/spring-beans-6.2.2.jar:/Users/antonindudragne/.m2/repository/org/springframework/spring-context/6.2.2/spring-context-6.2.2.jar:/Users/antonindudragne/.m2/repository/io/micrometer/micrometer-observation/1.14.3/micrometer-observation-1.14.3.jar:/Users/antonindudragne/.m2/repository/io/micrometer/micrometer-commons/1.14.3/micrometer-commons-1.14.3.jar:/Users/antonindudragne/.m2/repository/org/springframework/spring-core/6.2.2/spring-core-6.2.2.jar:/Users/antonindudragne/.m2/repository/org/springframework/spring-jcl/6.2.2/spring-jcl-6.2.2.jar:/Users/antonindudragne/.m2/repository/org/springframework/spring-expression/6.2.2/spring-expression-6.2.2.jar:/Users/antonindudragne/.m2/repository/org/springframework/spring-web/6.2.2/spring-web-6.2.2.jar:/Users/antonindudragne/.m2/repository/org/springframework/spring-jdbc/6.1.13/spring-jdbc-6.1.13.jar:/Users/antonindudragne/.m2/repository/org/springframework/spring-tx/6.1.13/spring-tx-6.1.13.jar:/Users/antonindudragne/.m2/repository/com/mysql/mysql-connector-j/8.0.33/mysql-connector-j-8.0.33.jar:/Users/antonindudragne/.m2/repository/com/google/protobuf/protobuf-java/3.21.9/protobuf-java-3.21.9.jar:/Users/antonindudragne/.m2/repository/com/fasterxml/jackson/core/jackson-databind/2.18.2/jackson-databind-2.18.2.jar:/Users/antonindudragne/.m2/repository/com/fasterxml/jackson/core/jackson-annotations/2.18.2/jackson-annotations-2.18.2.jar:/Users/antonindudragne/.m2/repository/com/fasterxml/jackson/core/jackson-core/2.18.2/jackson-core-2.18.2.jar:/Users/antonindudragne/.m2/repository/jakarta/servlet/jakarta.servlet-api/6.1.0/jakarta.servlet-api-6.1.0.jar:/Users/antonindudragne/.m2/repository/ch/qos/logback/logback-classic/1.5.16/logback-classic-1.5.16.jar:/Users/antonindudragne/.m2/repository/ch/qos/logback/logback-core/1.5.16/logback-core-1.5.16.jar:/Users/antonindudragne/.m2/repository/org/slf4j/slf4j-api/2.0.16/slf4j-api-2.0.16.jar:/Users/antonindudragne/.m2/repository/org/junit/jupiter/junit-jupiter/5.10.2/junit-jupiter-5.10.2.jar:/Users/antonindudragne/.m2/repository/org/junit/jupiter/junit-jupiter-api/5.10.2/junit-jupiter-api-5.10.2.jar:/Users/antonindudragne/.m2/repository/org/opentest4j/opentest4j/1.3.0/opentest4j-1.3.0.jar:/Users/antonindudragne/.m2/repository/org/junit/platform/junit-platform-commons/1.10.2/junit-platform-commons-1.10.2.jar:/Users/antonindudragne/.m2/repository/org/apiguardian/apiguardian-api/1.1.2/apiguardian-api-1.1.2.jar:/Users/antonindudragne/.m2/repository/org/junit/jupiter/junit-jupiter-params/5.10.2/junit-jupiter-params-5.10.2.jar:/Users/antonindudragne/.m2/repository/org/junit/jupiter/junit-jupiter-engine/5.10.2/junit-jupiter-engine-5.10.2.jar:/Users/antonindudragne/.m2/repository/org/junit/platform/junit-platform-engine/1.10.2/junit-platform-engine-1.10.2.jar:/Users/antonindudragne/.m2/repository/org/mockito/mockito-core/5.10.0/mockito-core-5.10.0.jar:/Users/antonindudragne/.m2/repository/net/bytebuddy/byte-buddy/1.14.11/byte-buddy-1.14.11.jar:/Users/antonindudragne/.m2/repository/net/bytebuddy/byte-buddy-agent/1.14.11/byte-buddy-agent-1.14.11.jar:/Users/antonindudragne/.m2/repository/org/objenesis/objenesis/3.3/objenesis-3.3.jar:/Users/antonindudragne/.m2/repository/org/springframework/spring-test/6.2.2/spring-test-6.2.2.jar:/Users/antonindudragne/.m2/repository/com/h2database/h2/2.2.224/h2-2.2.224.jar:/Users/antonindudragne/.m2/repository/junit/junit/4.13.2/junit-4.13.2.jar:/Users/antonindudragne/.m2/repository/org/hamcrest/hamcrest-core/1.3/hamcrest-core-1.3.jar:/Users/antonindudragne/.m2/repository/com/jayway/jsonpath/json-path/2.7.0/json-path-2.7.0.jar:/Users/antonindudragne/.m2/repository/net/minidev/json-smart/2.4.7/json-smart-2.4.7.jar:/Users/antonindudragne/.m2/repository/net/minidev/accessors-smart/2.4.7/accessors-smart-2.4.7.jar:/Users/antonindudragne/.m2/repository/org/ow2/asm/asm/9.1/asm-9.1.jar:"/>
    <property name="java.vm.vendor" value="Homebrew"/>
    <property name="sun.arch.data.model" value="64"/>
    <property name="java.vendor.url" value="https://github.com/Homebrew/homebrew-core/issues"/>
    <property name="user.timezone" value="Europe/Paris"/>
    <property name="os.name" value="Mac OS X"/>
    <property name="java.vm.specification.version" value="23"/>
    <property name="sun.java.launcher" value="SUN_STANDARD"/>
    <property name="user.country" value="FR"/>
    <property name="sun.boot.library.path" value="/opt/homebrew/Cellar/openjdk/23.0.2/libexec/openjdk.jdk/Contents/Home/lib"/>
    <property name="sun.java.command" value="/Users/antonindudragne/Documents/4A EPF/Java/Projet/target/surefire/surefirebooter-20250310142341669_3.jar /Users/antonindudragne/Documents/4A EPF/Java/Projet/target/surefire 2025-03-10T14-23-41_613-jvmRun1 surefire-20250310142341669_1tmp surefire_0-20250310142341669_2tmp"/>
    <property name="http.nonProxyHosts" value="local|*.local|169.254/16|*.169.254/16"/>
    <property name="jdk.debug" value="release"/>
    <property name="surefire.test.class.path" value="/Users/antonindudragne/Documents/4A EPF/Java/Projet/target/test-classes:/Users/antonindudragne/Documents/4A EPF/Java/Projet/target/classes:/Users/antonindudragne/.m2/repository/org/springframework/spring-webmvc/6.2.2/spring-webmvc-6.2.2.jar:/Users/antonindudragne/.m2/repository/org/springframework/spring-aop/6.2.2/spring-aop-6.2.2.jar:/Users/antonindudragne/.m2/repository/org/springframework/spring-beans/6.2.2/spring-beans-6.2.2.jar:/Users/antonindudragne/.m2/repository/org/springframework/spring-context/6.2.2/spring-context-6.2.2.jar:/Users/antonindudragne/.m2/repository/io/micrometer/micrometer-observation/1.14.3/micrometer-observation-1.14.3.jar:/Users/antonindudragne/.m2/repository/io/micrometer/micrometer-commons/1.14.3/micrometer-commons-1.14.3.jar:/Users/antonindudragne/.m2/repository/org/springframework/spring-core/6.2.2/spring-core-6.2.2.jar:/Users/antonindudragne/.m2/repository/org/springframework/spring-jcl/6.2.2/spring-jcl-6.2.2.jar:/Users/antonindudragne/.m2/repository/org/springframework/spring-expression/6.2.2/spring-expression-6.2.2.jar:/Users/antonindudragne/.m2/repository/org/springframework/spring-web/6.2.2/spring-web-6.2.2.jar:/Users/antonindudragne/.m2/repository/org/springframework/spring-jdbc/6.1.13/spring-jdbc-6.1.13.jar:/Users/antonindudragne/.m2/repository/org/springframework/spring-tx/6.1.13/spring-tx-6.1.13.jar:/Users/antonindudragne/.m2/repository/com/mysql/mysql-connector-j/8.0.33/mysql-connector-j-8.0.33.jar:/Users/antonindudragne/.m2/repository/com/google/protobuf/protobuf-java/3.21.9/protobuf-java-3.21.9.jar:/Users/antonindudragne/.m2/repository/com/fasterxml/jackson/core/jackson-databind/2.18.2/jackson-databind-2.18.2.jar:/Users/antonindudragne/.m2/repository/com/fasterxml/jackson/core/jackson-annotations/2.18.2/jackson-annotations-2.18.2.jar:/Users/antonindudragne/.m2/repository/com/fasterxml/jackson/core/jackson-core/2.18.2/jackson-core-2.18.2.jar:/Users/antonindudragne/.m2/repository/jakarta/servlet/jakarta.servlet-api/6.1.0/jakarta.servlet-api-6.1.0.jar:/Users/antonindudragne/.m2/repository/ch/qos/logback/logback-classic/1.5.16/logback-classic-1.5.16.jar:/Users/antonindudragne/.m2/repository/ch/qos/logback/logback-core/1.5.16/logback-core-1.5.16.jar:/Users/antonindudragne/.m2/repository/org/slf4j/slf4j-api/2.0.16/slf4j-api-2.0.16.jar:/Users/antonindudragne/.m2/repository/org/junit/jupiter/junit-jupiter/5.10.2/junit-jupiter-5.10.2.jar:/Users/antonindudragne/.m2/repository/org/junit/jupiter/junit-jupiter-api/5.10.2/junit-jupiter-api-5.10.2.jar:/Users/antonindudragne/.m2/repository/org/opentest4j/opentest4j/1.3.0/opentest4j-1.3.0.jar:/Users/antonindudragne/.m2/repository/org/junit/platform/junit-platform-commons/1.10.2/junit-platform-commons-1.10.2.jar:/Users/antonindudragne/.m2/repository/org/apiguardian/apiguardian-api/1.1.2/apiguardian-api-1.1.2.jar:/Users/antonindudragne/.m2/repository/org/junit/jupiter/junit-jupiter-params/5.10.2/junit-jupiter-params-5.10.2.jar:/Users/antonindudragne/.m2/repository/org/junit/jupiter/junit-jupiter-engine/5.10.2/junit-jupiter-engine-5.10.2.jar:/Users/antonindudragne/.m2/repository/org/junit/platform/junit-platform-engine/1.10.2/junit-platform-engine-1.10.2.jar:/Users/antonindudragne/.m2/repository/org/mockito/mockito-core/5.10.0/mockito-core-5.10.0.jar:/Users/antonindudragne/.m2/repository/net/bytebuddy/byte-buddy/1.14.11/byte-buddy-1.14.11.jar:/Users/antonindudragne/.m2/repository/net/bytebuddy/byte-buddy-agent/1.14.11/byte-buddy-agent-1.14.11.jar:/Users/antonindudragne/.m2/repository/org/objenesis/objenesis/3.3/objenesis-3.3.jar:/Users/antonindudragne/.m2/repository/org/springframework/spring-test/6.2.2/spring-test-6.2.2.jar:/Users/antonindudragne/.m2/repository/com/h2database/h2/2.2.224/h2-2.2.224.jar:/Users/antonindudragne/.m2/repository/junit/junit/4.13.2/junit-4.13.2.jar:/Users/antonindudragne/.m2/repository/org/hamcrest/hamcrest-core/1.3/hamcrest-core-1.3.jar:/Users/antonindudragne/.m2/repository/com/jayway/jsonpath/json-path/2.7.0/json-path-2.7.0.jar:/Users/antonindudragne/.m2/repository/net/minidev/json-smart/2.4.7/json-smart-2.4.7.jar:/Users/antonindudragne/.m2/repository/net/minidev/accessors-smart/2.4.7/accessors-smart-2.4.7.jar:/Users/antonindudragne/.m2/repository/org/ow2/asm/asm/9.1/asm-9.1.jar:"/>
    <property name="sun.cpu.endian" value="little"/>
    <property name="user.home" value="/Users/antonindudragne"/>
    <property name="user.language" value="fr"/>
    <property name="java.specification.vendor" value="Oracle Corporation"/>
    <property name="java.version.date" value="2025-01-21"/>
    <property name="java.home" value="/opt/homebrew/Cellar/openjdk/23.0.2/libexec/openjdk.jdk/Contents/Home"/>
    <property name="file.separator" value="/"/>
    <property name="basedir" value="/Users/antonindudragne/Documents/4A EPF/Java/Projet"/>
    <property name="java.vm.compressedOopsMode" value="Zero based"/>
    <property name="line.separator" value="&#10;"/>
    <property name="java.vm.specification.vendor" value="Oracle Corporation"/>
    <property name="java.specification.name" value="Java Platform API Specification"/>
    <property name="apple.awt.application.name" value="ForkedBooter"/>
    <property name="surefire.real.class.path" value="/Users/antonindudragne/Documents/4A EPF/Java/Projet/target/surefire/surefirebooter-20250310142341669_3.jar"/>
    <property name="sun.management.compiler" value="HotSpot 64-Bit Tiered Compilers"/>
    <property name="ftp.nonProxyHosts" value="local|*.local|169.254/16|*.169.254/16"/>
    <property name="java.runtime.version" value="23.0.2"/>
    <property name="user.name" value="antonindudragne"/>
    <property name="stdout.encoding" value="UTF-8"/>
    <property name="path.separator" value=":"/>
    <property name="os.version" value="15.3.1"/>
    <property name="java.runtime.name" value="OpenJDK Runtime Environment"/>
    <property name="file.encoding" value="UTF-8"/>
    <property name="java.vm.name" value="OpenJDK 64-Bit Server VM"/>
    <property name="java.vendor.version" value="Homebrew"/>
    <property name="localRepository" value="/Users/antonindudragne/.m2/repository"/>
    <property name="java.vendor.url.bug" value="https://github.com/Homebrew/homebrew-core/issues"/>
    <property name="java.io.tmpdir" value="/var/folders/w_/myk1td2x5yl9xhd021yswqqw0000gn/T/"/>
    <property name="java.version" value="23.0.2"/>
    <property name="user.dir" value="/Users/antonindudragne/Documents/4A EPF/Java/Projet"/>
    <property name="os.arch" value="aarch64"/>
    <property name="java.vm.specification.name" value="Java Virtual Machine Specification"/>
    <property name="native.encoding" value="UTF-8"/>
    <property name="java.library.path" value="/Users/antonindudragne/Library/Java/Extensions:/Library/Java/Extensions:/Network/Library/Java/Extensions:/System/Library/Java/Extensions:/usr/lib/java:."/>
    <property name="java.vm.info" value="mixed mode, sharing"/>
    <property name="stderr.encoding" value="UTF-8"/>
    <property name="java.vendor" value="Homebrew"/>
    <property name="java.vm.version" value="23.0.2"/>
    <property name="sun.io.unicode.encoding" value="UnicodeBig"/>
    <property name="socksNonProxyHosts" value="local|*.local|169.254/16|*.169.254/16"/>
    <property name="java.class.version" value="67.0"/>
  </properties>
  <testcase name="testGetZombiesByMapId" classname="com.epf.controller.ZombieControllerTest" time="0.034">
    <system-out><![CDATA[14:23:43.481 [main] DEBUG _org.springframework.web.servlet.HandlerMapping.Mappings -- 
	c.e.c.ZombieController:
	{GET [/api/zombies/map/{mapId}]}: getZombiesByMapId(int)
	{GET [/api/zombies]}: getAllZombies()
	{GET [/api/zombies/{id}]}: getZombieById(int)
	{POST [/api/zombies]}: createZombie(ZombieDto)
	{PUT [/api/zombies/{id}]}: updateZombie(int,ZombieDto)
	{DELETE [/api/zombies/{id}]}: deleteZombie(int)
14:23:43.482 [main] DEBUG org.springframework.web.servlet.mvc.method.annotation.RequestMappingHandlerMapping -- 6 mappings in org.springframework.web.servlet.mvc.method.annotation.RequestMappingHandlerMapping
14:23:43.482 [main] DEBUG org.springframework.web.servlet.mvc.method.annotation.RequestMappingHandlerAdapter -- ControllerAdvice beans: 0 @ModelAttribute, 0 @InitBinder, 1 RequestBodyAdvice, 1 ResponseBodyAdvice
14:23:43.483 [main] DEBUG org.springframework.web.servlet.mvc.method.annotation.ExceptionHandlerExceptionResolver -- ControllerAdvice beans: 0 @ExceptionHandler, 1 ResponseBodyAdvice
14:23:43.483 [main] INFO org.springframework.mock.web.MockServletContext -- Initializing Spring TestDispatcherServlet ''
14:23:43.483 [main] INFO org.springframework.test.web.servlet.TestDispatcherServlet -- Initializing Servlet ''
14:23:43.483 [main] DEBUG org.springframework.test.web.servlet.TestDispatcherServlet -- Detected AcceptHeaderLocaleResolver
14:23:43.483 [main] DEBUG org.springframework.test.web.servlet.TestDispatcherServlet -- Detected FixedThemeResolver
14:23:43.483 [main] DEBUG org.springframework.test.web.servlet.TestDispatcherServlet -- Detected org.springframework.web.servlet.view.DefaultRequestToViewNameTranslator@357bc488
14:23:43.483 [main] DEBUG org.springframework.test.web.servlet.TestDispatcherServlet -- Detected org.springframework.web.servlet.support.SessionFlashMapManager@4ea17147
14:23:43.483 [main] DEBUG org.springframework.test.web.servlet.TestDispatcherServlet -- enableLoggingRequestDetails='false': request parameters and headers will be masked to prevent unsafe logging of potentially sensitive data
14:23:43.483 [main] INFO org.springframework.test.web.servlet.TestDispatcherServlet -- Completed initialization in 0 ms
14:23:43.484 [main] DEBUG org.springframework.test.web.servlet.TestDispatcherServlet -- GET "/api/zombies/map/1", parameters={}
14:23:43.484 [main] DEBUG org.springframework.web.servlet.mvc.method.annotation.RequestMappingHandlerMapping -- Mapped to com.epf.controller.ZombieController#getZombiesByMapId(int)
14:23:43.485 [main] DEBUG org.springframework.web.servlet.mvc.method.annotation.HttpEntityMethodProcessor -- Using 'application/json', given [*/*] and supported [application/json, application/*+json]
14:23:43.486 [main] DEBUG org.springframework.web.servlet.mvc.method.annotation.HttpEntityMethodProcessor -- Writing [[com.epf.dto.ZombieDto@1af4955e]]
14:23:43.487 [main] DEBUG org.springframework.test.web.servlet.TestDispatcherServlet -- Completed 200 OK
14:23:43.487 [main] DEBUG com.jayway.jsonpath.internal.path.CompiledPath -- Evaluating path: $[0]['nom']
]]></system-out>
  </testcase>
  <testcase name="testCreateZombie" classname="com.epf.controller.ZombieControllerTest" time="0.011">
    <system-out><![CDATA[14:23:43.492 [main] DEBUG _org.springframework.web.servlet.HandlerMapping.Mappings -- 
	c.e.c.ZombieController:
	{GET [/api/zombies/map/{mapId}]}: getZombiesByMapId(int)
	{GET [/api/zombies]}: getAllZombies()
	{GET [/api/zombies/{id}]}: getZombieById(int)
	{POST [/api/zombies]}: createZombie(ZombieDto)
	{PUT [/api/zombies/{id}]}: updateZombie(int,ZombieDto)
	{DELETE [/api/zombies/{id}]}: deleteZombie(int)
14:23:43.493 [main] DEBUG org.springframework.web.servlet.mvc.method.annotation.RequestMappingHandlerMapping -- 6 mappings in org.springframework.web.servlet.mvc.method.annotation.RequestMappingHandlerMapping
14:23:43.493 [main] DEBUG org.springframework.web.servlet.mvc.method.annotation.RequestMappingHandlerAdapter -- ControllerAdvice beans: 0 @ModelAttribute, 0 @InitBinder, 1 RequestBodyAdvice, 1 ResponseBodyAdvice
14:23:43.493 [main] DEBUG org.springframework.web.servlet.mvc.method.annotation.ExceptionHandlerExceptionResolver -- ControllerAdvice beans: 0 @ExceptionHandler, 1 ResponseBodyAdvice
14:23:43.494 [main] INFO org.springframework.mock.web.MockServletContext -- Initializing Spring TestDispatcherServlet ''
14:23:43.494 [main] INFO org.springframework.test.web.servlet.TestDispatcherServlet -- Initializing Servlet ''
14:23:43.494 [main] DEBUG org.springframework.test.web.servlet.TestDispatcherServlet -- Detected AcceptHeaderLocaleResolver
14:23:43.494 [main] DEBUG org.springframework.test.web.servlet.TestDispatcherServlet -- Detected FixedThemeResolver
14:23:43.494 [main] DEBUG org.springframework.test.web.servlet.TestDispatcherServlet -- Detected org.springframework.web.servlet.view.DefaultRequestToViewNameTranslator@7f73ce28
14:23:43.494 [main] DEBUG org.springframework.test.web.servlet.TestDispatcherServlet -- Detected org.springframework.web.servlet.support.SessionFlashMapManager@611b35d6
14:23:43.494 [main] DEBUG org.springframework.test.web.servlet.TestDispatcherServlet -- enableLoggingRequestDetails='false': request parameters and headers will be masked to prevent unsafe logging of potentially sensitive data
14:23:43.494 [main] INFO org.springframework.test.web.servlet.TestDispatcherServlet -- Completed initialization in 0 ms
14:23:43.495 [main] DEBUG org.springframework.test.web.servlet.TestDispatcherServlet -- POST "/api/zombies", parameters={}
14:23:43.495 [main] DEBUG org.springframework.web.servlet.mvc.method.annotation.RequestMappingHandlerMapping -- Mapped to com.epf.controller.ZombieController#createZombie(ZombieDto)
14:23:43.498 [main] DEBUG org.springframework.web.servlet.mvc.method.annotation.RequestResponseBodyMethodProcessor -- Read "application/json" to [com.epf.dto.ZombieDto@65c5bf0e]
14:23:43.499 [main] DEBUG org.springframework.web.servlet.mvc.method.annotation.HttpEntityMethodProcessor -- Using 'application/json', given [*/*] and supported [application/json, application/*+json]
14:23:43.499 [main] DEBUG org.springframework.web.servlet.mvc.method.annotation.HttpEntityMethodProcessor -- Nothing to write: null body
14:23:43.499 [main] DEBUG org.springframework.test.web.servlet.TestDispatcherServlet -- Completed 201 CREATED
]]></system-out>
  </testcase>
  <testcase name="testGetAllZombies" classname="com.epf.controller.ZombieControllerTest" time="0.008">
    <system-out><![CDATA[14:23:43.503 [main] DEBUG _org.springframework.web.servlet.HandlerMapping.Mappings -- 
	c.e.c.ZombieController:
	{GET [/api/zombies/map/{mapId}]}: getZombiesByMapId(int)
	{GET [/api/zombies]}: getAllZombies()
	{GET [/api/zombies/{id}]}: getZombieById(int)
	{POST [/api/zombies]}: createZombie(ZombieDto)
	{PUT [/api/zombies/{id}]}: updateZombie(int,ZombieDto)
	{DELETE [/api/zombies/{id}]}: deleteZombie(int)
14:23:43.503 [main] DEBUG org.springframework.web.servlet.mvc.method.annotation.RequestMappingHandlerMapping -- 6 mappings in org.springframework.web.servlet.mvc.method.annotation.RequestMappingHandlerMapping
14:23:43.503 [main] DEBUG org.springframework.web.servlet.mvc.method.annotation.RequestMappingHandlerAdapter -- ControllerAdvice beans: 0 @ModelAttribute, 0 @InitBinder, 1 RequestBodyAdvice, 1 ResponseBodyAdvice
14:23:43.504 [main] DEBUG org.springframework.web.servlet.mvc.method.annotation.ExceptionHandlerExceptionResolver -- ControllerAdvice beans: 0 @ExceptionHandler, 1 ResponseBodyAdvice
14:23:43.504 [main] INFO org.springframework.mock.web.MockServletContext -- Initializing Spring TestDispatcherServlet ''
14:23:43.504 [main] INFO org.springframework.test.web.servlet.TestDispatcherServlet -- Initializing Servlet ''
14:23:43.504 [main] DEBUG org.springframework.test.web.servlet.TestDispatcherServlet -- Detected AcceptHeaderLocaleResolver
14:23:43.504 [main] DEBUG org.springframework.test.web.servlet.TestDispatcherServlet -- Detected FixedThemeResolver
14:23:43.504 [main] DEBUG org.springframework.test.web.servlet.TestDispatcherServlet -- Detected org.springframework.web.servlet.view.DefaultRequestToViewNameTranslator@5d508d22
14:23:43.504 [main] DEBUG org.springframework.test.web.servlet.TestDispatcherServlet -- Detected org.springframework.web.servlet.support.SessionFlashMapManager@f2b90fc
14:23:43.504 [main] DEBUG org.springframework.test.web.servlet.TestDispatcherServlet -- enableLoggingRequestDetails='false': request parameters and headers will be masked to prevent unsafe logging of potentially sensitive data
14:23:43.504 [main] INFO org.springframework.test.web.servlet.TestDispatcherServlet -- Completed initialization in 0 ms
14:23:43.504 [main] DEBUG org.springframework.test.web.servlet.TestDispatcherServlet -- GET "/api/zombies", parameters={}
14:23:43.504 [main] DEBUG org.springframework.web.servlet.mvc.method.annotation.RequestMappingHandlerMapping -- Mapped to com.epf.controller.ZombieController#getAllZombies()
14:23:43.505 [main] DEBUG org.springframework.web.servlet.mvc.method.annotation.HttpEntityMethodProcessor -- Using 'application/json', given [*/*] and supported [application/json, application/*+json]
14:23:43.505 [main] DEBUG org.springframework.web.servlet.mvc.method.annotation.HttpEntityMethodProcessor -- Writing [[com.epf.dto.ZombieDto@7da635c0]]
14:23:43.506 [main] DEBUG org.springframework.test.web.servlet.TestDispatcherServlet -- Completed 200 OK
14:23:43.506 [main] DEBUG com.jayway.jsonpath.internal.path.CompiledPath -- Evaluating path: $[0]['nom']
14:23:43.506 [main] DEBUG com.jayway.jsonpath.internal.path.CompiledPath -- Evaluating path: $[0]['idZombie']
]]></system-out>
  </testcase>
  <testcase name="testUpdateZombie" classname="com.epf.controller.ZombieControllerTest" time="0.009">
    <system-out><![CDATA[14:23:43.510 [main] DEBUG _org.springframework.web.servlet.HandlerMapping.Mappings -- 
	c.e.c.ZombieController:
	{GET [/api/zombies/map/{mapId}]}: getZombiesByMapId(int)
	{GET [/api/zombies]}: getAllZombies()
	{GET [/api/zombies/{id}]}: getZombieById(int)
	{POST [/api/zombies]}: createZombie(ZombieDto)
	{PUT [/api/zombies/{id}]}: updateZombie(int,ZombieDto)
	{DELETE [/api/zombies/{id}]}: deleteZombie(int)
14:23:43.511 [main] DEBUG org.springframework.web.servlet.mvc.method.annotation.RequestMappingHandlerMapping -- 6 mappings in org.springframework.web.servlet.mvc.method.annotation.RequestMappingHandlerMapping
14:23:43.512 [main] DEBUG org.springframework.web.servlet.mvc.method.annotation.RequestMappingHandlerAdapter -- ControllerAdvice beans: 0 @ModelAttribute, 0 @InitBinder, 1 RequestBodyAdvice, 1 ResponseBodyAdvice
14:23:43.512 [main] DEBUG org.springframework.web.servlet.mvc.method.annotation.ExceptionHandlerExceptionResolver -- ControllerAdvice beans: 0 @ExceptionHandler, 1 ResponseBodyAdvice
14:23:43.512 [main] INFO org.springframework.mock.web.MockServletContext -- Initializing Spring TestDispatcherServlet ''
14:23:43.512 [main] INFO org.springframework.test.web.servlet.TestDispatcherServlet -- Initializing Servlet ''
14:23:43.512 [main] DEBUG org.springframework.test.web.servlet.TestDispatcherServlet -- Detected AcceptHeaderLocaleResolver
14:23:43.512 [main] DEBUG org.springframework.test.web.servlet.TestDispatcherServlet -- Detected FixedThemeResolver
14:23:43.512 [main] DEBUG org.springframework.test.web.servlet.TestDispatcherServlet -- Detected org.springframework.web.servlet.view.DefaultRequestToViewNameTranslator@3292d91a
14:23:43.512 [main] DEBUG org.springframework.test.web.servlet.TestDispatcherServlet -- Detected org.springframework.web.servlet.support.SessionFlashMapManager@5921b93c
14:23:43.512 [main] DEBUG org.springframework.test.web.servlet.TestDispatcherServlet -- enableLoggingRequestDetails='false': request parameters and headers will be masked to prevent unsafe logging of potentially sensitive data
14:23:43.512 [main] INFO org.springframework.test.web.servlet.TestDispatcherServlet -- Completed initialization in 0 ms
14:23:43.513 [main] DEBUG org.springframework.test.web.servlet.TestDispatcherServlet -- PUT "/api/zombies/1", parameters={}
14:23:43.514 [main] DEBUG org.springframework.web.servlet.mvc.method.annotation.RequestMappingHandlerMapping -- Mapped to com.epf.controller.ZombieController#updateZombie(int, ZombieDto)
14:23:43.515 [main] DEBUG org.springframework.web.servlet.mvc.method.annotation.RequestResponseBodyMethodProcessor -- Read "application/json" to [com.epf.dto.ZombieDto@19b02dfd]
14:23:43.516 [main] DEBUG org.springframework.web.servlet.mvc.method.annotation.HttpEntityMethodProcessor -- Using 'application/json', given [*/*] and supported [application/json, application/*+json]
14:23:43.516 [main] DEBUG org.springframework.web.servlet.mvc.method.annotation.HttpEntityMethodProcessor -- Nothing to write: null body
14:23:43.516 [main] DEBUG org.springframework.test.web.servlet.TestDispatcherServlet -- Completed 200 OK
]]></system-out>
  </testcase>
  <testcase name="testDeleteZombie" classname="com.epf.controller.ZombieControllerTest" time="0.005">
    <system-out><![CDATA[14:23:43.519 [main] DEBUG _org.springframework.web.servlet.HandlerMapping.Mappings -- 
	c.e.c.ZombieController:
	{GET [/api/zombies/map/{mapId}]}: getZombiesByMapId(int)
	{GET [/api/zombies]}: getAllZombies()
	{GET [/api/zombies/{id}]}: getZombieById(int)
	{POST [/api/zombies]}: createZombie(ZombieDto)
	{PUT [/api/zombies/{id}]}: updateZombie(int,ZombieDto)
	{DELETE [/api/zombies/{id}]}: deleteZombie(int)
14:23:43.520 [main] DEBUG org.springframework.web.servlet.mvc.method.annotation.RequestMappingHandlerMapping -- 6 mappings in org.springframework.web.servlet.mvc.method.annotation.RequestMappingHandlerMapping
14:23:43.520 [main] DEBUG org.springframework.web.servlet.mvc.method.annotation.RequestMappingHandlerAdapter -- ControllerAdvice beans: 0 @ModelAttribute, 0 @InitBinder, 1 RequestBodyAdvice, 1 ResponseBodyAdvice
14:23:43.521 [main] DEBUG org.springframework.web.servlet.mvc.method.annotation.ExceptionHandlerExceptionResolver -- ControllerAdvice beans: 0 @ExceptionHandler, 1 ResponseBodyAdvice
14:23:43.521 [main] INFO org.springframework.mock.web.MockServletContext -- Initializing Spring TestDispatcherServlet ''
14:23:43.521 [main] INFO org.springframework.test.web.servlet.TestDispatcherServlet -- Initializing Servlet ''
14:23:43.521 [main] DEBUG org.springframework.test.web.servlet.TestDispatcherServlet -- Detected AcceptHeaderLocaleResolver
14:23:43.521 [main] DEBUG org.springframework.test.web.servlet.TestDispatcherServlet -- Detected FixedThemeResolver
14:23:43.521 [main] DEBUG org.springframework.test.web.servlet.TestDispatcherServlet -- Detected org.springframework.web.servlet.view.DefaultRequestToViewNameTranslator@322204dc
14:23:43.521 [main] DEBUG org.springframework.test.web.servlet.TestDispatcherServlet -- Detected org.springframework.web.servlet.support.SessionFlashMapManager@656a3d6b
14:23:43.521 [main] DEBUG org.springframework.test.web.servlet.TestDispatcherServlet -- enableLoggingRequestDetails='false': request parameters and headers will be masked to prevent unsafe logging of potentially sensitive data
14:23:43.521 [main] INFO org.springframework.test.web.servlet.TestDispatcherServlet -- Completed initialization in 0 ms
14:23:43.521 [main] DEBUG org.springframework.test.web.servlet.TestDispatcherServlet -- DELETE "/api/zombies/1", parameters={}
14:23:43.521 [main] DEBUG org.springframework.web.servlet.mvc.method.annotation.RequestMappingHandlerMapping -- Mapped to com.epf.controller.ZombieController#deleteZombie(int)
14:23:43.522 [main] DEBUG org.springframework.web.servlet.mvc.method.annotation.HttpEntityMethodProcessor -- Using 'application/json', given [*/*] and supported [application/json, application/*+json]
14:23:43.522 [main] DEBUG org.springframework.web.servlet.mvc.method.annotation.HttpEntityMethodProcessor -- Nothing to write: null body
14:23:43.522 [main] DEBUG org.springframework.test.web.servlet.TestDispatcherServlet -- Completed 200 OK
]]></system-out>
  </testcase>
  <testcase name="testGetZombieById" classname="com.epf.controller.ZombieControllerTest" time="0.009">
    <system-out><![CDATA[14:23:43.526 [main] DEBUG _org.springframework.web.servlet.HandlerMapping.Mappings -- 
	c.e.c.ZombieController:
	{GET [/api/zombies/map/{mapId}]}: getZombiesByMapId(int)
	{GET [/api/zombies]}: getAllZombies()
	{GET [/api/zombies/{id}]}: getZombieById(int)
	{POST [/api/zombies]}: createZombie(ZombieDto)
	{PUT [/api/zombies/{id}]}: updateZombie(int,ZombieDto)
	{DELETE [/api/zombies/{id}]}: deleteZombie(int)
14:23:43.526 [main] DEBUG org.springframework.web.servlet.mvc.method.annotation.RequestMappingHandlerMapping -- 6 mappings in org.springframework.web.servlet.mvc.method.annotation.RequestMappingHandlerMapping
14:23:43.527 [main] DEBUG org.springframework.web.servlet.mvc.method.annotation.RequestMappingHandlerAdapter -- ControllerAdvice beans: 0 @ModelAttribute, 0 @InitBinder, 1 RequestBodyAdvice, 1 ResponseBodyAdvice
14:23:43.527 [main] DEBUG org.springframework.web.servlet.mvc.method.annotation.ExceptionHandlerExceptionResolver -- ControllerAdvice beans: 0 @ExceptionHandler, 1 ResponseBodyAdvice
14:23:43.527 [main] INFO org.springframework.mock.web.MockServletContext -- Initializing Spring TestDispatcherServlet ''
14:23:43.527 [main] INFO org.springframework.test.web.servlet.TestDispatcherServlet -- Initializing Servlet ''
14:23:43.528 [main] DEBUG org.springframework.test.web.servlet.TestDispatcherServlet -- Detected AcceptHeaderLocaleResolver
14:23:43.528 [main] DEBUG org.springframework.test.web.servlet.TestDispatcherServlet -- Detected FixedThemeResolver
14:23:43.528 [main] DEBUG org.springframework.test.web.servlet.TestDispatcherServlet -- Detected org.springframework.web.servlet.view.DefaultRequestToViewNameTranslator@3f8dfe74
14:23:43.528 [main] DEBUG org.springframework.test.web.servlet.TestDispatcherServlet -- Detected org.springframework.web.servlet.support.SessionFlashMapManager@401c4250
14:23:43.528 [main] DEBUG org.springframework.test.web.servlet.TestDispatcherServlet -- enableLoggingRequestDetails='false': request parameters and headers will be masked to prevent unsafe logging of potentially sensitive data
14:23:43.528 [main] INFO org.springframework.test.web.servlet.TestDispatcherServlet -- Completed initialization in 1 ms
14:23:43.528 [main] DEBUG org.springframework.test.web.servlet.TestDispatcherServlet -- GET "/api/zombies/1", parameters={}
14:23:43.529 [main] DEBUG org.springframework.web.servlet.mvc.method.annotation.RequestMappingHandlerMapping -- Mapped to com.epf.controller.ZombieController#getZombieById(int)
14:23:43.530 [main] DEBUG org.springframework.web.servlet.mvc.method.annotation.HttpEntityMethodProcessor -- Using 'application/json', given [*/*] and supported [application/json, application/*+json]
14:23:43.531 [main] DEBUG org.springframework.web.servlet.mvc.method.annotation.HttpEntityMethodProcessor -- Writing [com.epf.dto.ZombieDto@570ba13]
14:23:43.531 [main] DEBUG org.springframework.test.web.servlet.TestDispatcherServlet -- Completed 200 OK
14:23:43.531 [main] DEBUG com.jayway.jsonpath.internal.path.CompiledPath -- Evaluating path: $['nom']
14:23:43.531 [main] DEBUG com.jayway.jsonpath.internal.path.CompiledPath -- Evaluating path: $['idZombie']
]]></system-out>
  </testcase>
</testsuite>